C51 COMPILER V9.59.0.0   MAIN                                                              02/13/2022 12:41:00 PAGE 1   


C51 COMPILER V9.59.0.0, COMPILATION OF MODULE MAIN
OBJECT MODULE PLACED IN .\Objects\main.obj
COMPILER INVOKED BY: E:\SCM\keil 4\C51\BIN\C51.EXE main.c OPTIMIZE(8,SPEED) BROWSE DEBUG OBJECTEXTEND PRINT(.\Listings\m
                    -ain.lst) OBJECT(.\Objects\main.obj)

line level    source

   1          #include "reg52.h"
   2          #include "LCD1602.h"
   3           
   4          void main()
   5          {
   6   1              LcdInit();
   7   1              LCD_ShowChar(1,1,'A');
   8   1              LCD_ShowString(1,3,"Hello");
   9   1              LCD_ShowNum(1,9,66,2);
  10   1              LCD_ShowSignedNum(1,12,-88,2);
  11   1              LCD_ShowHexNum(2,1,0xA5,2);
  12   1              ShowBinNum(2,4,0xa5,8);
  13   1              LCD_ShowChar(2,14,'C');
  14   1              LCD_ShowString(1,3,"welcome to China");
  15   1              while(1)
  16   1              {
  17   2                      LcdWriteCom(0x18);
  18   2                      Lcd1602_Delay1ms(50);
  19   2              }
  20   1      }


MODULE INFORMATION:   STATIC OVERLAYABLE
   CODE SIZE        =    117    ----
   CONSTANT SIZE    =     23    ----
   XDATA SIZE       =   ----    ----
   PDATA SIZE       =   ----    ----
   DATA SIZE        =   ----    ----
   IDATA SIZE       =   ----    ----
   BIT SIZE         =   ----    ----
END OF MODULE INFORMATION.


C51 COMPILATION COMPLETE.  0 WARNING(S),  0 ERROR(S)
