C51 COMPILER V9.59.0.0   MAIN                                                              11/15/2021 18:41:22 PAGE 1   


C51 COMPILER V9.59.0.0, COMPILATION OF MODULE MAIN
OBJECT MODULE PLACED IN main.OBJ
COMPILER INVOKED BY: E:\SCM\keil 4\C51\BIN\C51.EXE main.c OPTIMIZE(8,SPEED) BROWSE DEBUG OBJECTEXTEND

line level    source

   1          /**************************************************************************************
   2          实验现象：下载程序后打开串口调试助手，将波特率设置为4800，选择发送的数据就可以显示
   3                            
   4          接线说明： (具体接线图可见开发攻略对应实验的“实验现象”章节)
   5                             
   6          注意事项：                                                                                                                                                              
   7          
   8            
   9          ***************************************************************************************/
  10          
  11          #include "reg52.h"                       //此文件中定义了单片机的一些特殊功能寄存器
  12          
  13          typedef unsigned int u16;         //对数据类型进行声明定义
  14          typedef unsigned char u8;
  15          
  16          
  17          /*******************************************************************************
  18          * 函数名         :UsartInit()
  19          * 函数功能                 :设置串口
  20          * 输入           : 无
  21          * 输出           : 无
  22          *******************************************************************************/
  23          void UsartInit()
  24          {
  25   1              SCON=0X50;                      //设置为工作方式1
  26   1              TMOD=0X20;                      //设置计数器工作方式2
  27   1              PCON=0X80;                      //波特率加倍
  28   1              TH1=0XF3;                               //计数器初始值设置，注意波特率是4800的
  29   1              TL1=0XF3;
  30   1              ES=1;                                           //打开接收中断
  31   1              EA=1;                                           //打开总中断
  32   1              TR1=1;                                  //打开计数器
  33   1      }
  34          
  35          /*******************************************************************************
  36          * 函 数 名       : main
  37          * 函数功能               : 主函数
  38          * 输    入       : 无
  39          * 输    出       : 无
  40          *******************************************************************************/
  41          void main()
  42          {       
  43   1              UsartInit();  //        串口初始化
  44   1              while(1);               
  45   1      }
  46          
  47          /*******************************************************************************
  48          * 函数名         : Usart() interrupt 4
  49          * 函数功能                : 串口通信中断函数
  50          * 输入           : 无
  51          * 输出           : 无
  52          *******************************************************************************/
  53          void Usart() interrupt 4
  54          {
  55   1              u8 receiveData;
C51 COMPILER V9.59.0.0   MAIN                                                              11/15/2021 18:41:22 PAGE 2   

  56   1      
  57   1              receiveData=SBUF;//出去接收到的数据
  58   1              RI = 0;//清除接收中断标志位
  59   1              SBUF=receiveData;//将接收到的数据放入到发送寄存器
  60   1              while(!TI);                      //等待发送数据完成
  61   1              TI=0;                                            //清除发送完成标志位
  62   1      }


MODULE INFORMATION:   STATIC OVERLAYABLE
   CODE SIZE        =     50    ----
   CONSTANT SIZE    =   ----    ----
   XDATA SIZE       =   ----    ----
   PDATA SIZE       =   ----    ----
   DATA SIZE        =   ----    ----
   IDATA SIZE       =   ----    ----
   BIT SIZE         =   ----    ----
END OF MODULE INFORMATION.


C51 COMPILATION COMPLETE.  0 WARNING(S),  0 ERROR(S)
