C51 COMPILER V9.59.0.0   MAIN                                                              02/16/2022 13:03:29 PAGE 1   


C51 COMPILER V9.59.0.0, COMPILATION OF MODULE MAIN
OBJECT MODULE PLACED IN .\Objects\main.obj
COMPILER INVOKED BY: E:\SCM\keil 4\C51\BIN\C51.EXE main.c OPTIMIZE(8,SPEED) BROWSE DEBUG OBJECTEXTEND PRINT(.\Listings\m
                    -ain.lst) OBJECT(.\Objects\main.obj)

line level    source

   1          #include "reg52.h"
   2          
   3          sbit LED=P1^0;
   4          
   5          typedef unsigned int u16;         //对数据类型进行声明定义
   6          typedef unsigned char u8;
   7          
   8          void Delay(unsigned int t)
   9          {
  10   1              while(t--);
  11   1      }
  12          
  13          void main()
  14          {
  15   1              unsigned char Time,i;
  16   1              while(1)
  17   1              {
  18   2                      for(Time=0;Time<100;Time++)
  19   2                      {
  20   3                              for(i=0;i<20;i++)
  21   3                              {
  22   4                                      LED=0;
  23   4                                      Delay(Time);
  24   4                                      LED=1;
  25   4                                      Delay(100-Time);
  26   4                              }
  27   3                              
  28   3                      }
  29   2                      for(Time=100;Time>0;Time-- )
  30   2                      {
  31   3                              for(i=0;i<20;i++)
  32   3                              {
  33   4                                      LED=0;
  34   4                                      Delay(Time);
  35   4                                      LED=1;
  36   4                                      Delay(100-Time);
  37   4                              }
  38   3                              
  39   3                      }               
  40   2              }
  41   1      }


MODULE INFORMATION:   STATIC OVERLAYABLE
   CODE SIZE        =     99    ----
   CONSTANT SIZE    =   ----    ----
   XDATA SIZE       =   ----    ----
   PDATA SIZE       =   ----    ----
   DATA SIZE        =   ----    ----
   IDATA SIZE       =   ----    ----
   BIT SIZE         =   ----    ----
END OF MODULE INFORMATION.


C51 COMPILATION COMPLETE.  0 WARNING(S),  0 ERROR(S)
