C51 COMPILER V9.60.0.0   MAIN                                                              05/25/2022 15:19:11 PAGE 1   


C51 COMPILER V9.60.0.0, COMPILATION OF MODULE MAIN
OBJECT MODULE PLACED IN .\Objects\main.obj
COMPILER INVOKED BY: E:\MDK5\C51\BIN\C51.EXE main.c OPTIMIZE(8,SPEED) BROWSE DEBUG OBJECTEXTEND PRINT(.\Listings\main.ls
                    -t) OBJECT(.\Objects\main.obj)

line level    source

   1          #include "reg52.h"
   2          
   3          typedef unsigned int u16;         //对数据类型进行声明定义
   4          typedef unsigned char u8;
   5          
   6          u8 Date=0;
   7          
   8          //函数声明
   9          void UartInit(void);            //串口初始化配置
  10          
  11          /*串口初始化配置*/
  12          void UartInit(void)             //9600bps@11.0592MHz
  13          {
  14   1              PCON &= 0x7F;           //波特率不倍速
  15   1              SCON = 0x50;            //8位数据,可变波特率
  16   1              TMOD &= 0x0F;           //清除定时器1模式位
  17   1              TMOD |= 0x20;           //设定定时器1为8位自动重装方式
  18   1              TL1 = 0xFD;             //设定定时初值
  19   1              TH1 = 0xFD;             //设定定时器重装值
  20   1              ET1 = 0;                //禁止定时器1中断
  21   1              TR1 = 1;                //启动定时器1
  22   1              EA=1;
  23   1              ES=1;
  24   1      }
  25          
  26          
  27          /*主函数*/
  28          void main()
  29          {
  30   1          UartInit();
  31   1          while(1)
  32   1              {
  33   2                      if(Date==0x01)
  34   2                      {
  35   3                              P1=0x00;
  36   3                      }
  37   2                      if(Date==0x02)
  38   2                      {
  39   3                              P1==0x02;
*** WARNING C275 IN LINE 39 OF main.c: expression with possibly no effect
  40   3                      }
  41   2              }
  42   1      }
  43          
  44          /*中断函数*/
  45          void Uart() interrupt 4
  46          {
  47   1          Date=SBUF;        //取出接受到的数据
  48   1          RI=0;                         //清除接受中断标志位
  49   1              while(!TI);
  50   1              TI=0;
  51   1          //收到的数据是date
  52   1      }

C51 COMPILER V9.60.0.0   MAIN                                                              05/25/2022 15:19:11 PAGE 2   


MODULE INFORMATION:   STATIC OVERLAYABLE
   CODE SIZE        =     58    ----
   CONSTANT SIZE    =   ----    ----
   XDATA SIZE       =   ----    ----
   PDATA SIZE       =   ----    ----
   DATA SIZE        =      1    ----
   IDATA SIZE       =   ----    ----
   BIT SIZE         =   ----    ----
END OF MODULE INFORMATION.


C51 COMPILATION COMPLETE.  1 WARNING(S),  0 ERROR(S)
