C51 COMPILER V9.60.0.0   DELAY                                                             04/12/2022 12:53:35 PAGE 1   


C51 COMPILER V9.60.0.0, COMPILATION OF MODULE DELAY
OBJECT MODULE PLACED IN .\Objects\Delay.obj
COMPILER INVOKED BY: E:\MDK5\C51\BIN\C51.EXE Delay.c OPTIMIZE(8,SPEED) BROWSE DEBUG OBJECTEXTEND PRINT(.\Listings\Delay.
                    -lst) OBJECT(.\Objects\Delay.obj)

line level    source

   1           #include "reg52.h"
   2          
   3          void delay(unsigned int xms)    //@11.0592MHz
   4          {
   5   1              unsigned char i, j;
   6   1              while(xms--)
   7   1              {
   8   2                      i = 2;
   9   2                      j = 199;
  10   2                      do
  11   2                      {
  12   3                              while (--j);
  13   3                      } while (--i);
  14   2              }
  15   1      }
  16           
  17           


MODULE INFORMATION:   STATIC OVERLAYABLE
   CODE SIZE        =     21    ----
   CONSTANT SIZE    =   ----    ----
   XDATA SIZE       =   ----    ----
   PDATA SIZE       =   ----    ----
   DATA SIZE        =   ----    ----
   IDATA SIZE       =   ----    ----
   BIT SIZE         =   ----    ----
END OF MODULE INFORMATION.


C51 COMPILATION COMPLETE.  0 WARNING(S),  0 ERROR(S)
