C51 COMPILER V9.60.0.0   NIXIE                                                             04/12/2022 12:53:35 PAGE 1   


C51 COMPILER V9.60.0.0, COMPILATION OF MODULE NIXIE
OBJECT MODULE PLACED IN .\Objects\Nixie.obj
COMPILER INVOKED BY: E:\MDK5\C51\BIN\C51.EXE Nixie.c OPTIMIZE(8,SPEED) BROWSE DEBUG OBJECTEXTEND PRINT(.\Listings\Nixie.
                    -lst) OBJECT(.\Objects\Nixie.obj)

line level    source

   1          #include "reg52.h"
   2          #include "Delay.h"
   3          
   4          typedef unsigned int u16;         //对数据类型进行声明定义
   5          typedef unsigned char u8;
   6           
   7          sbit LSA=P2^2;
   8          sbit LSB=P2^3;
   9          sbit LSC=P2^4;
  10          
  11          u8 code smgduan[17]={0x3f,0x06,0x5b,0x4f,0x66,0x6d,0x7d,0x07,0x7f,0x6f,0x77,0x7c,0x39,0x5e,0x79,0x71};//显
             -示0~F的值
  12          
  13          void Nixie(unsigned char Location,Number)
  14          {
  15   1              switch(Location)         //位选，选择点亮的数码管
  16   1              {
  17   2                      case(0):
  18   2                              LSA=0;LSB=0;LSC=0; break;//显示第0位
  19   2                      case(1):
  20   2                              LSA=1;LSB=0;LSC=0; break;//显示第1位
  21   2                      case(2):
  22   2                              LSA=0;LSB=1;LSC=0; break;//显示第2位
  23   2                      case(3):
  24   2                              LSA=1;LSB=1;LSC=0; break;//显示第3位
  25   2                      case(4):
  26   2                              LSA=0;LSB=0;LSC=1; break;//显示第4位
  27   2                      case(5):
  28   2                              LSA=1;LSB=0;LSC=1; break;//显示第5位
  29   2                      case(6):
  30   2                              LSA=0;LSB=1;LSC=1; break;//显示第6位
  31   2                      case(7):
  32   2                              LSA=1;LSB=1;LSC=1; break;//显示第7位            
  33   2              }
  34   1              P0=smgduan[Number];//发送段码
  35   1              delay(1); //间隔一段时间扫描    
  36   1              P0=0x00;//消隐  
  37   1      }


MODULE INFORMATION:   STATIC OVERLAYABLE
   CODE SIZE        =    108    ----
   CONSTANT SIZE    =     17    ----
   XDATA SIZE       =   ----    ----
   PDATA SIZE       =   ----    ----
   DATA SIZE        =   ----    ----
   IDATA SIZE       =   ----    ----
   BIT SIZE         =   ----    ----
END OF MODULE INFORMATION.


C51 COMPILATION COMPLETE.  0 WARNING(S),  0 ERROR(S)
