C51 COMPILER V9.60.0.0   UART                                                              04/12/2022 22:33:50 PAGE 1   


C51 COMPILER V9.60.0.0, COMPILATION OF MODULE UART
OBJECT MODULE PLACED IN .\Objects\UART.obj
COMPILER INVOKED BY: E:\MDK5\C51\BIN\C51.EXE UART.c OPTIMIZE(8,SPEED) BROWSE DEBUG OBJECTEXTEND PRINT(.\Listings\UART.ls
                    -t) OBJECT(.\Objects\UART.obj)

line level    source

   1          #include "reg52.h"
   2           
   3          /**
   4             * @brief  串口初始化，9600bps@11.0592MHz
   5             * @param  无
   6             * @retval 无
   7             */
   8           
   9          void UsartConfiguration(void)           //9600bps@11.0592MHz
  10          {
  11   1              PCON &= 0x7F;           //波特率不倍速
  12   1              SCON = 0x50;            //8位数据,可变波特率
  13   1              TMOD &= 0x0F;           //清除定时器1模式位
  14   1              TMOD |= 0x20;           //设定定时器1为8位自动重装方式
  15   1              TL1 = 0xFD;             //设定定时初值
  16   1              TH1 = 0xFD;             //设定定时器重装值
  17   1              ET1 = 0;                //禁止定时器1中断
  18   1              TR1 = 1;                //启动定时器1
  19   1              ES = 1;        //开启串口中断
  20   1          EA = 1;             //开启总中断
  21   1      }
  22           
  23          /**
  24             * @brief  串口发送一个字节数据
  25             * @param  byte 是接收的数据
  26             * @retval 无
  27             */
  28           
  29          void UART_SendByte(unsigned char byte)
  30          {
  31   1              SBUF = byte;
  32   1              while (TI == 0);
  33   1              TI = 0;
  34   1      }


MODULE INFORMATION:   STATIC OVERLAYABLE
   CODE SIZE        =     35    ----
   CONSTANT SIZE    =   ----    ----
   XDATA SIZE       =   ----    ----
   PDATA SIZE       =   ----    ----
   DATA SIZE        =   ----    ----
   IDATA SIZE       =   ----    ----
   BIT SIZE         =   ----    ----
END OF MODULE INFORMATION.


C51 COMPILATION COMPLETE.  0 WARNING(S),  0 ERROR(S)
