C51 COMPILER V9.59.0.0   KEY                                                               02/20/2022 21:51:52 PAGE 1   


C51 COMPILER V9.59.0.0, COMPILATION OF MODULE KEY
OBJECT MODULE PLACED IN .\Objects\key.obj
COMPILER INVOKED BY: E:\SCM\keil 4\C51\BIN\C51.EXE key.c OPTIMIZE(8,SPEED) BROWSE DEBUG OBJECTEXTEND PRINT(.\Listings\ke
                    -y.lst) OBJECT(.\Objects\key.obj)

line level    source

   1          #include <reg52.h>
   2          #include "delay.h"
   3          
   4          sbit k1=P3^4;
   5          sbit k2=P3^5;
   6          sbit k3=P3^6;
   7          sbit k4=P3^7;
   8          unsigned char Key()
   9          {
  10   1              unsigned char keynumber=0;
  11   1              if(k1==0)
  12   1              {
  13   2                      delay(1000);
  14   2                      while(k1==0);
  15   2                      delay(1000);
  16   2                      keynumber=1;
  17   2              }
  18   1              if(k2==0)
  19   1              {
  20   2                      delay(1000);
  21   2                      while(k2==0);
  22   2                      delay(1000);
  23   2                      keynumber=2;
  24   2              }
  25   1              if(k3==0)
  26   1              {
  27   2                      delay(1000);
  28   2                      while(k3==0);
  29   2                      delay(1000);
  30   2                      keynumber=3;
  31   2              }
  32   1              if(k4==0)
  33   1              {
  34   2                      delay(1000);
  35   2                      while(k4==0);
  36   2                      delay(1000);
  37   2                      keynumber=4;
  38   2              }
  39   1              return keynumber;
  40   1      }


MODULE INFORMATION:   STATIC OVERLAYABLE
   CODE SIZE        =     98    ----
   CONSTANT SIZE    =   ----    ----
   XDATA SIZE       =   ----    ----
   PDATA SIZE       =   ----    ----
   DATA SIZE        =   ----       1
   IDATA SIZE       =   ----    ----
   BIT SIZE         =   ----    ----
END OF MODULE INFORMATION.


C51 COMPILATION COMPLETE.  0 WARNING(S),  0 ERROR(S)
