C51 COMPILER V9.59.0.0   MAIN                                                              02/20/2022 21:51:51 PAGE 1   


C51 COMPILER V9.59.0.0, COMPILATION OF MODULE MAIN
OBJECT MODULE PLACED IN .\Objects\main.obj
COMPILER INVOKED BY: E:\SCM\keil 4\C51\BIN\C51.EXE main.c OPTIMIZE(8,SPEED) BROWSE DEBUG OBJECTEXTEND PRINT(.\Listings\m
                    -ain.lst) OBJECT(.\Objects\main.obj)

line level    source

   1          #include "reg52.h"
   2          #include "key.h"
   3          #include "smg.h"
   4          #include "Timer0.h"
   5          
   6          sbit Motor=P1^0;
   7          
   8          unsigned char Counter,Compare;
   9          unsigned char KeyNum,Speed;
  10          
  11          void main()
  12          {
  13   1              Timer0Init();
  14   1              Compare=50;
  15   1              while(1)
  16   1              {
  17   2                      KeyNum=Key();
  18   2                      if(KeyNum==1)
  19   2                      {
  20   3                              Speed++;
  21   3                              Speed%=4;
  22   3                              if(Speed==0){Compare=0;}
  23   3                              if(Speed==1){Compare=50;}
  24   3                              if(Speed==2){Compare=70;}
  25   3                              if(Speed==3){Compare=100;}
  26   3                      }
  27   2                      smg(1,Speed);
  28   2              }
  29   1      }
  30          
  31          void Timer0() interrupt 1
  32          {
  33   1              TL0 = 0x9C;             //设置定时初值
  34   1              TH0 = 0xFF;             //设置定时初值
  35   1              Counter++;
  36   1              Counter%=100;
  37   1              if(Counter<Compare)
  38   1              {
  39   2                      Motor=1;
  40   2              }
  41   1              else
  42   1              {
  43   2                      Motor=0;
  44   2              }
  45   1      }


MODULE INFORMATION:   STATIC OVERLAYABLE
   CODE SIZE        =    111    ----
   CONSTANT SIZE    =   ----    ----
   XDATA SIZE       =   ----    ----
   PDATA SIZE       =   ----    ----
   DATA SIZE        =      4    ----
   IDATA SIZE       =   ----    ----
C51 COMPILER V9.59.0.0   MAIN                                                              02/20/2022 21:51:51 PAGE 2   

   BIT SIZE         =   ----    ----
END OF MODULE INFORMATION.


C51 COMPILATION COMPLETE.  0 WARNING(S),  0 ERROR(S)
