C51 COMPILER V9.59.0.0   LCD1602                                                           02/20/2022 19:59:05 PAGE 1   


C51 COMPILER V9.59.0.0, COMPILATION OF MODULE LCD1602
OBJECT MODULE PLACED IN .\Objects\LCD1602.obj
COMPILER INVOKED BY: E:\SCM\keil 4\C51\BIN\C51.EXE LCD1602.c OPTIMIZE(8,SPEED) BROWSE DEBUG OBJECTEXTEND PRINT(.\Listing
                    -s\LCD1602.lst) OBJECT(.\Objects\LCD1602.obj)

line level    source

   1          #include "reg52.h"
   2          
   3          sbit LCD_RS=P2^6;
   4          sbit LCD_RW=P2^5;
   5          sbit LCD_E=P2^7;
   6          #define LCDData P0
   7          #define uint unsigned int
   8          #define uchar unsigned char
   9          
  10          void Lcd1602_Delay1ms(uint c)
  11          {
  12   1              uchar a,b;
  13   1              for(;c>0;c--)
  14   1              {
  15   2                      for(b=199;b>0;b--)
  16   2                      {
  17   3                              for(a=1;a>0;a--);
  18   3                      }
  19   2              }
  20   1      }
  21          void LcdWriteCom(uchar com)
  22          {
  23   1              LCD_E=0;
  24   1              LCD_RS=0;
  25   1              LCD_RW=0;
  26   1              
  27   1              LCDData=com;
  28   1              Lcd1602_Delay1ms(1);
  29   1              
  30   1              LCD_E=1;
  31   1              Lcd1602_Delay1ms(5);
  32   1              LCD_E=0;
  33   1      }
  34          void LCDWriteData(uchar dat)
  35          {
  36   1              LCD_E=0;
  37   1              LCD_RS=1;
  38   1              LCD_RW=0;
  39   1              
  40   1              LCDData=dat;
  41   1              Lcd1602_Delay1ms(1);
  42   1              
  43   1              LCD_E=1;
  44   1              Lcd1602_Delay1ms(5);
  45   1              LCD_E=0;
  46   1      }
  47          void LcdInit()                  //初始化
  48          {
  49   1              LcdWriteCom(0x38);  //开显示
  50   1              LcdWriteCom(0x0C);  //开显示不显示光标
  51   1              LcdWriteCom(0x06);  //写一个指针加1
  52   1              LcdWriteCom(0x01);  //清屏
  53   1      }
  54          void LCD_SetCursor(unsigned char Line,unsigned char Column)
C51 COMPILER V9.59.0.0   LCD1602                                                           02/20/2022 19:59:05 PAGE 2   

  55          {
  56   1              if(Line==1)
  57   1              {
  58   2                       LcdWriteCom((0x80)|(Column-1));
  59   2              }
  60   1              else
  61   1              {
  62   2                      LcdWriteCom((0x80)|(Column-1)+0x40);
  63   2              }       
  64   1      }
  65          void LCD_ShowChar(unsigned char Line,unsigned char Column,unsigned char Char)
  66          {
  67   1              if(Line==1)
  68   1              {
  69   2                       LcdWriteCom((0x80)|(Column-1));
  70   2              }
  71   1              else
  72   1              {
  73   2                      LcdWriteCom((0x80)|(Column-1)+0x40);
  74   2              }
  75   1              LCDWriteData(Char);
  76   1      }
  77          void LCD_ShowString(unsigned char Line,unsigned char Column,unsigned char String[])
  78          {
  79   1              unsigned char i;
  80   1              if(Line==1)
  81   1              {
  82   2                       LcdWriteCom((0x80)|(Column-1));
  83   2              }
  84   1              else
  85   1              {
  86   2                      LcdWriteCom((0x80)|(Column-1)+0x40);
  87   2              }
  88   1               for(i=0;String[i]!='\0';i++)
  89   1              {
  90   2                      LCDWriteData(String[i]); 
  91   2              }
  92   1      }
  93          int LCD_Pow(int X,int Y)
  94          {
  95   1              unsigned char i;
  96   1              int Result=1;
  97   1              for(i=0;i<Y;i++)
  98   1              {
  99   2                      Result*=X;
 100   2              }
 101   1              return Result;
 102   1      }
 103          void LCD_ShowNum(unsigned char Line,unsigned char Column,unsigned int Number,unsigned char Length)
 104          {
 105   1              unsigned char i;
 106   1              LCD_SetCursor(Line,Column);
 107   1              for(i=Length;i>0;i--)
 108   1              {
 109   2                      LCDWriteData('0'+Number/LCD_Pow(10,i-1)%10);
 110   2              }
 111   1      }
 112          void LCD_ShowSignedNum(unsigned char Line,unsigned char Column,int Number,unsigned char Length)
 113          {
 114   1              unsigned char i;
 115   1              unsigned int Number1;
 116   1              LCD_SetCursor(Line,Column);
C51 COMPILER V9.59.0.0   LCD1602                                                           02/20/2022 19:59:05 PAGE 3   

 117   1              if(Number>=0)
 118   1              {
 119   2                      LCDWriteData('+');
 120   2                      Number1=Number;
 121   2              }
 122   1              else
 123   1              {
 124   2                      LCDWriteData('-');
 125   2                      Number1=-Number;
 126   2              }
 127   1              for(i=Length;i>0;i--)
 128   1              {
 129   2                      LCDWriteData('0'+Number1/LCD_Pow(10,i-1)%10);
 130   2              }       
 131   1      }
 132          void LCD_ShowHexNum(unsigned char Line,unsigned char Column,unsigned int Number,unsigned char Length)
 133          {
 134   1              unsigned char i;
 135   1              unsigned char SingleNumber;
 136   1              LCD_SetCursor(Line,Column);
 137   1              for(i=Length;i>0;i--)
 138   1              {
 139   2                      SingleNumber=Number/LCD_Pow(16,i-1)%16;
 140   2                      if(SingleNumber<10)
 141   2                      {
 142   3                              LCDWriteData('0'+SingleNumber);
 143   3                      }
 144   2                      else
 145   2                      {
 146   3                              LCDWriteData('A'+SingleNumber-10);
 147   3                      }
 148   2              }       
 149   1      }
 150          void ShowBinNum(unsigned char Line,unsigned char Column,unsigned int Number,unsigned char Length)
 151          {
 152   1              unsigned char i;
 153   1              LCD_SetCursor(Line,Column);
 154   1              for(i=Length;i>0;i--)
 155   1              {
 156   2                      LCDWriteData('0'+Number/LCD_Pow(2,i-1)%2);
 157   2              }
 158   1      }


MODULE INFORMATION:   STATIC OVERLAYABLE
   CODE SIZE        =    507    ----
   CONSTANT SIZE    =   ----    ----
   XDATA SIZE       =   ----    ----
   PDATA SIZE       =   ----    ----
   DATA SIZE        =   ----      31
   IDATA SIZE       =   ----    ----
   BIT SIZE         =   ----    ----
END OF MODULE INFORMATION.


C51 COMPILATION COMPLETE.  0 WARNING(S),  0 ERROR(S)
