C51 COMPILER V9.54   MAIN                                                                  05/28/2022 11:50:16 PAGE 1   


C51 COMPILER V9.54, COMPILATION OF MODULE MAIN
OBJECT MODULE PLACED IN main.OBJ
COMPILER INVOKED BY: E:\MDK5\C51\BIN\C51.EXE main.c OPTIMIZE(8,SPEED) BROWSE DEBUG OBJECTEXTEND

line level    source

   1          /*************************************************************************************
   2          *
   3          实验现象：下载程序后"静态数码管模块"显示数字0
   4          接线说明： 单片机-->静态数码管模块(具体接线图可见开发攻略对应实验的“实验现象”章节)
   5                             J22-->J8     
   6          注意事项：                                                                              
   7                                                                                            
   8          **************************************************************************************
   9          */
  10          
  11          #include "reg52.h"                       //此文件中定义了单片机的一些特殊功能寄存器
  12          
  13          typedef unsigned int u16;         //对数据类型进行声明定义
  14          typedef unsigned char u8;
  15          
  16          
  17          u8 code smgduan[17]={0x3f,0x06,0x5b,0x4f,0x66,0x6d,0x7d,0x07,
  18                                                  0x7f,0x6f,0x77,0x7c,0x39,0x5e,0x79,0x71};//显示0~F的值
  19          
  20          
  21          /*******************************************************************************
  22          * 函 数 名       : main
  23          * 函数功能               : 主函数
  24          * 输    入       : 无
  25          * 输    出       : 无
  26          *******************************************************************************/
  27          void main()
  28          {       
  29   1              P0=~smgduan[0];
  30   1              while(1);
  31   1      }


MODULE INFORMATION:   STATIC OVERLAYABLE
   CODE SIZE        =     10    ----
   CONSTANT SIZE    =     17    ----
   XDATA SIZE       =   ----    ----
   PDATA SIZE       =   ----    ----
   DATA SIZE        =   ----    ----
   IDATA SIZE       =   ----    ----
   BIT SIZE         =   ----    ----
END OF MODULE INFORMATION.


C51 COMPILATION COMPLETE.  0 WARNING(S),  0 ERROR(S)
