C51 COMPILER V9.59.0.0   MAIN                                                              11/13/2021 15:33:40 PAGE 1   


C51 COMPILER V9.59.0.0, COMPILATION OF MODULE MAIN
OBJECT MODULE PLACED IN main.OBJ
COMPILER INVOKED BY: E:\SCM\keil 4\C51\BIN\C51.EXE main.c OPTIMIZE(8,SPEED) BROWSE DEBUG OBJECTEXTEND

line level    source

   1          /**************************************************************************************
   2          实验现象：下载程序后，按下独立按键可以点亮对应的led
   3                                  K1--D1
   4                                  K2--D2
   5                                  K3--D3
   6                                  ... 
   7                                  K8--D8
   8          接线说明： (具体接线图可见开发攻略对应实验的“实验现象”章节)
   9                             1，单片机-->LED&交通灯模块
  10                                          J22-->J19
  11                             2，单片机-->74HC165模块
  12                                          P15-->LD
  13                                          P36-->CLK
  14                                          P16-->QH
  15                             3，74HC165模块输出-->独立按键模块
  16                                          JP2-->JP1       
  17          注意事项：                                                                                                                                                                
  18          ***************************************************************************************/
  19          
  20          #include "reg52.h"                       //此文件中定义了单片机的一些特殊功能寄存器
  21          #include "intrins.h"
  22          
  23          typedef unsigned int u16;         //对数据类型进行声明定义
  24          typedef unsigned char u8;
  25          
  26          //--定义使用的IO口--//
  27          #define GPIO_LED P0
  28          sbit    IN_PL   = P1^6;    
  29          sbit    IN_Data = P1^7;    //数据通过P1.7脚移进单片机内处理
  30          sbit    SCK    = P3^6;
  31           
  32          
  33          
  34          
  35          /*******************************************************************************
  36          * 函 数 名         : Read74HC165
  37          * 函数功能                 : 使用165读取一个字节数据
  38          * 输    入         : 无
  39          * 输    出         : 无
  40          *******************************************************************************/
  41          
  42          u8 Read74HC165(void)
  43          {  
  44   1        u8 i;
  45   1        u8 indata;
  46   1                      
  47   1         IN_PL = 0;
  48   1         _nop_();        //短暂延时 产生一定宽度的脉冲
  49   1         IN_PL = 1;      //将外部信号全部读入锁存器中
  50   1         _nop_(); 
  51   1                    
  52   1         indata=0;   //保存数据的变量清0  
  53   1         for(i=0; i<8; i++)
  54   1          { 
  55   2                indata = indata<<1;      //左移一位
C51 COMPILER V9.59.0.0   MAIN                                                              11/13/2021 15:33:40 PAGE 2   

  56   2                SCK = 0;   //时钟置0   
  57   2            _nop_();
  58   2                indata |= IN_Data;
  59   2            SCK = 1;   //时钟置1        
  60   2              } 
  61   1         
  62   1         return(indata);       
  63   1      }
  64          
  65          
  66          /*******************************************************************************
  67          * 函 数 名       : main
  68          * 函数功能               : 主函数
  69          * 输    入       : 无
  70          * 输    出       : 无
  71          *******************************************************************************/
  72          void main()
  73          {       
  74   1              u8 h165Value;
  75   1      
  76   1              GPIO_LED = 0xff;
  77   1              while(1)
  78   1              {
  79   2                      h165Value = Read74HC165();
  80   2                      if(h165Value != 0xFF)
  81   2                      {
  82   3                              GPIO_LED = h165Value;
  83   3                      }       
  84   2              }                       
  85   1      }


MODULE INFORMATION:   STATIC OVERLAYABLE
   CODE SIZE        =     52    ----
   CONSTANT SIZE    =   ----    ----
   XDATA SIZE       =   ----    ----
   PDATA SIZE       =   ----    ----
   DATA SIZE        =   ----    ----
   IDATA SIZE       =   ----    ----
   BIT SIZE         =   ----    ----
END OF MODULE INFORMATION.


C51 COMPILATION COMPLETE.  0 WARNING(S),  0 ERROR(S)
