C51 COMPILER V9.59.0.0   MAIN                                                              01/30/2022 09:44:18 PAGE 1   


C51 COMPILER V9.59.0.0, COMPILATION OF MODULE MAIN
OBJECT MODULE PLACED IN .\Objects\main.obj
COMPILER INVOKED BY: E:\SCM\keil 4\C51\BIN\C51.EXE main.c OPTIMIZE(8,SPEED) BROWSE DEBUG OBJECTEXTEND PRINT(.\Listings\m
                    -ain.lst) OBJECT(.\Objects\main.obj)

line level    source

   1          #include "reg51.h"              //单片机头文件
   2          #include "intrins.h"
   3          
   4          typedef unsigned int u16;         //对数据类型进行声明定义
   5          typedef unsigned char u8;
   6          
   7          #define OP_READ 0xa1
   8          #define OP_WRITE 0xa0
   9          
  10          sbit SDA=P3^4;
  11          sbit SCL=P3^3;
  12          
  13          //函数声明
  14          
  15          
  16          //延时函数
  17          void delay1ms()
  18          {
  19   1              u8 i,j;
  20   1              for(i=0;i<10;i++)
  21   1              for(j=0;j<33;j++);
  22   1      }
  23          void delaynms(unsigned char n)
  24          {
  25   1              unsigned char i;
  26   1              for(i=0;i<n;i++)
  27   1              {
  28   2                      delay1ms();
  29   2              }
  30   1      }
  31          //数据传输启动函数
  32          void start()
  33          {
  34   1              SDA=1;  //SDA初始化为高电平“1”
  35   1              SCL=1;  //开始数据传输时，要求SCL为高电平
  36   1              _nop_();
  37   1              _nop_();
  38   1              _nop_();
  39   1              _nop_();
  40   1              SDA=0;//开始信号
  41   1              _nop_();
  42   1              _nop_();
  43   1              _nop_();
  44   1              _nop_();
  45   1              SCL=0;  //SCL为低电平时，SDA上数据才允许变化
  46   1      }
  47          //数据传送关闭函数
  48          void stop()
  49          {
  50   1              SDA=0;
  51   1              SCL=1;
  52   1              _nop_();
  53   1              _nop_();
  54   1              _nop_();
C51 COMPILER V9.59.0.0   MAIN                                                              01/30/2022 09:44:18 PAGE 2   

  55   1              _nop_();
  56   1              SDA=1;
  57   1              _nop_();
  58   1              _nop_();
  59   1              _nop_();
  60   1              _nop_();
  61   1              SDA=1;
  62   1              SCL=0;
  63   1      }
  64          //AT24C02读取函数
  65          unsigned char ReadData()
  66          {
  67   1              u8 i,x;
  68   1              for(i=0;i<8;i++)
  69   1              {
  70   2                      SCL=1;          //SCl置为高电平
  71   2                      x<<=1;          //将X中的各个二进位向左移位
  72   2                      x|=(unsigned char)SDA; //将SDA上的数据通过按位“或”运算存入X中
  73   2                      SCL=0;
  74   2              }
  75   1              return(x);
  76   1      }
  77          //AT24C02写入数据函数
  78          bit WriteCurrent(unsigned char y)
  79          {
  80   1              u8 i;
  81   1              bit ack_bit;
  82   1              for(i=0;i<8;i++)
  83   1              {
  84   2                      SDA = (bit)(y&0x80);   //通过按位“与”运算将最高位数据送到S,因为传送时高位在前，低位在后
  85   2                      _nop_(); 
  86   2                      SCL=1;
  87   2                      _nop_();
  88   2                      _nop_(); 
  89   2                      SCL=0;
  90   2                      y<<=1;
  91   2              }
  92   1              SDA=1;
  93   1              _nop_(); 
  94   1              _nop_(); 
  95   1              SCL=1;
  96   1              _nop_(); 
  97   1              _nop_(); 
  98   1              _nop_(); 
  99   1              _nop_(); 
 100   1              ack_bit=SDA;    //接受设备（AT24Cxx)向SDA送低电平
 101   1                                              //表示已经接收到一个字节,若送高电平，表示没有接收到，传送异常
 102   1              SCL=0;
 103   1              return ack_bit; //返回AT24C00应答位
 104   1      }
 105          //指定地址写入数据
 106          void WriteSet(u8 add,u8 dat)
 107          {
 108   1              start();        //开始数据传递
 109   1              WriteCurrent(OP_WRITE); //选择要操作的AT24C02芯片
 110   1              WriteCurrent(add);              //写入地址
 111   1              WriteCurrent(dat);              //向当前地址写入数据
 112   1              stop();                                 //停止数据传递
 113   1              delaynms(4);                    //一个字节写入周期为1ms，延时
 114   1      }
 115          //当前位置读取数据
 116          unsigned char ReadCurrent()
C51 COMPILER V9.59.0.0   MAIN                                                              01/30/2022 09:44:18 PAGE 3   

 117          {
 118   1              u8 x;
 119   1              start();                //开始数据传递
 120   1              WriteCurrent(OP_READ);
 121   1              x=ReadData();           //将读取的数存入X
 122   1              stop();
 123   1              return x;
 124   1      }
 125          //指定地址读取数据
 126          unsigned char ReadSet(unsigned char set_addr)
 127          {
 128   1              start();
 129   1              WriteCurrent(OP_WRITE);         //选择要操作的ATC02芯片
 130   1              WriteCurrent(set_addr);         //从指定地址独处数据并且返回
 131   1              return (ReadCurrent());
 132   1      }
 133          //主函数
 134          void main()
 135          {
 136   1              SDA=1;          //SDA=1;SCL=1
 137   1              SCL=1;
 138   1              WriteSet(0x36,0x01);            //在指定地址“0x36”中写入数据“0x01”
 139   1              P1=ReadSet(0x36);                       //从指定地址，“0x36”中读取数据并送回P1显示
 140   1      }


MODULE INFORMATION:   STATIC OVERLAYABLE
   CODE SIZE        =    241    ----
   CONSTANT SIZE    =   ----    ----
   XDATA SIZE       =   ----    ----
   PDATA SIZE       =   ----    ----
   DATA SIZE        =   ----    ----
   IDATA SIZE       =   ----    ----
   BIT SIZE         =   ----       1
END OF MODULE INFORMATION.


C51 COMPILATION COMPLETE.  0 WARNING(S),  0 ERROR(S)
