C51 COMPILER V9.59.0.0   LEDLSD                                                            11/12/2021 16:07:33 PAGE 1   


C51 COMPILER V9.59.0.0, COMPILATION OF MODULE LEDLSD
OBJECT MODULE PLACED IN .\Objects\ledlsd.obj
COMPILER INVOKED BY: E:\SCM\keil 4\C51\BIN\C51.EXE E:\51单片机\模块化编程\ledlsd.c OPTIMIZE(8,SPEED) BROWSE DEBUG OBJECT
                    -EXTEND PRINT(.\Listings\ledlsd.lst) OBJECT(.\Objects\ledlsd.obj)

line level    source

   1          #include <reg52.h>
   2          #include "delay.h"
   3          
   4          typedef unsigned int u8;
   5          void ledlsd()
   6          {
   7   1              u8 i;
   8   1              P1=~0x01;
   9   1              delay(50000); //大约延时450ms   
  10   1              while(1)
  11   1              {       
  12   2                      for(i=0;i<8;i++)
  13   2                      {
  14   3                              P1=~(0x01<<i);   //将1右移i位，然后将结果赋值到P0口
  15   3                              delay(50000); //大约延时450ms
  16   3                      }
  17   2      
  18   2                      
  19   2      /*              for(i=0;i<7;i++)         //将led左移一位
  20   2                      {
  21   2                              led=_crol_(led,1);
  22   2                              delay(50000); //大约延时450ms   
  23   2                      }
  24   2                      for(i=0;i<7;i++)        //将led右移一位
  25   2                      {
  26   2                              led=_cror_(led,1);
  27   2                              delay(50000); //大约延时450ms   
  28   2                      }
  29   2      */
  30   2              }               
  31   1      }


MODULE INFORMATION:   STATIC OVERLAYABLE
   CODE SIZE        =     57    ----
   CONSTANT SIZE    =   ----    ----
   XDATA SIZE       =   ----    ----
   PDATA SIZE       =   ----    ----
   DATA SIZE        =   ----       2
   IDATA SIZE       =   ----    ----
   BIT SIZE         =   ----    ----
END OF MODULE INFORMATION.


C51 COMPILATION COMPLETE.  0 WARNING(S),  0 ERROR(S)
