C51 COMPILER V9.59.0.0   DINGSHIQI                                                         11/17/2021 12:33:19 PAGE 1   


C51 COMPILER V9.59.0.0, COMPILATION OF MODULE DINGSHIQI
OBJECT MODULE PLACED IN .\Objects\dingshiqi.obj
COMPILER INVOKED BY: E:\SCM\keil 4\C51\BIN\C51.EXE dingshiqi.c OPTIMIZE(8,SPEED) BROWSE DEBUG OBJECTEXTEND PRINT(.\Listi
                    -ngs\dingshiqi.lst) OBJECT(.\Objects\dingshiqi.obj)

line level    source

   1          #include "reg52.h"
   2          void Timer0Init(void)           //1毫秒@12.000MHz
   3          {
   4   1              TMOD &= 0xF0;           //设置定时器模式
   5   1              TL0 = 0x18;             //设置定时初值
   6   1              TH0 = 0xFC;             //设置定时初值
   7   1              TF0 = 0;                //清除TF0标志
   8   1              TR0 = 1;                //定时器0开始计时
   9   1              EA=1;
  10   1              ET0=1;
  11   1              PT0=0;
  12   1      }


MODULE INFORMATION:   STATIC OVERLAYABLE
   CODE SIZE        =     20    ----
   CONSTANT SIZE    =   ----    ----
   XDATA SIZE       =   ----    ----
   PDATA SIZE       =   ----    ----
   DATA SIZE        =   ----    ----
   IDATA SIZE       =   ----    ----
   BIT SIZE         =   ----    ----
END OF MODULE INFORMATION.


C51 COMPILATION COMPLETE.  0 WARNING(S),  0 ERROR(S)
