C51 COMPILER V9.59.0.0   SMG                                                               12/05/2021 10:24:23 PAGE 1   


C51 COMPILER V9.59.0.0, COMPILATION OF MODULE SMG
OBJECT MODULE PLACED IN .\Objects\smg.obj
COMPILER INVOKED BY: E:\SCM\keil 4\C51\BIN\C51.EXE smg.c OPTIMIZE(8,SPEED) BROWSE DEBUG OBJECTEXTEND PRINT(.\Listings\sm
                    -g.lst) OBJECT(.\Objects\smg.obj)

line level    source

   1          #include <reg52.h>
   2          #include "delay.h"
   3          
   4          sbit LSA=P2^4;
   5          sbit LSB=P2^5;
   6          sbit LSC=P2^6;
   7          sbit LSD=P2^7;
   8          
   9          typedef unsigned int u16;         //对数据类型进行声明定义
  10          typedef unsigned char u8;
  11          
  12          void smg(u8 x,y)
  13          {
  14   1              u8 a[17]={~0x3f,~0x06,~0x5b,~0x4f,~0x66,~0x6d,~0x7d,~0x07,~0x7f,~0x6f,~0x77,~0x7c,~0x39,~0x5e,~0x79,~0x71
             -};
  15   1              switch(x)
  16   1              {
  17   2                      case 1:LSA=0;LSB=1;LSC=1;LSD=1;break;
  18   2                      case 2:LSA=1;LSB=0;LSC=1;LSD=1;break;
  19   2                      case 3:LSA=1;LSB=1;LSC=0;LSD=1;break;
  20   2                      case 4:LSA=1;LSB=1;LSC=1;LSD=0;break;
  21   2              }
  22   1              P0=a[y];
  23   1              delay(100);
  24   1              P0=0xff;
  25   1      }


MODULE INFORMATION:   STATIC OVERLAYABLE
   CODE SIZE        =     94    ----
   CONSTANT SIZE    =     17    ----
   XDATA SIZE       =   ----    ----
   PDATA SIZE       =   ----    ----
   DATA SIZE        =   ----      20
   IDATA SIZE       =   ----    ----
   BIT SIZE         =   ----    ----
END OF MODULE INFORMATION.


C51 COMPILATION COMPLETE.  0 WARNING(S),  0 ERROR(S)
