C51 COMPILER V9.59.0.0   TIMER0                                                            12/05/2021 10:50:24 PAGE 1   


C51 COMPILER V9.59.0.0, COMPILATION OF MODULE TIMER0
OBJECT MODULE PLACED IN .\Objects\Timer0.obj
COMPILER INVOKED BY: E:\SCM\keil 4\C51\BIN\C51.EXE Timer0.c OPTIMIZE(8,SPEED) BROWSE DEBUG OBJECTEXTEND PRINT(.\Listings
                    -\Timer0.lst) OBJECT(.\Objects\Timer0.obj)

line level    source

   1          #include <reg52.h>
   2          
   3          void Timer0Init(void)           //10毫秒@12.000MHz
   4          {
   5   1              TMOD &= 0xF0;           //设置定时器模式
   6   1              TMOD |= 0x01;           //设置定时器模式
   7   1              TL0 = 0xF0;             //设置定时初值
   8   1              TH0 = 0xD8;             //设置定时初值
   9   1              TF0 = 0;                //清除TF0标志
  10   1              TR0 = 1;                //定时器0开始计时
  11   1      }
  12          
  13          /*定时器函数模板：
  14          void Timer0() interrupt 1
  15          {
  16              static unsigned int T0count;
  17                  TL0 = 0x18;             //设置定时初值
  18                  TH0 = 0xFC;             //设置定时初值
  19                  T0count++;
  20                  if(T0count>=1000)
  21                  {
  22                          T0count=0;
  23                  }
  24          }
  25          */


MODULE INFORMATION:   STATIC OVERLAYABLE
   CODE SIZE        =     17    ----
   CONSTANT SIZE    =   ----    ----
   XDATA SIZE       =   ----    ----
   PDATA SIZE       =   ----    ----
   DATA SIZE        =   ----    ----
   IDATA SIZE       =   ----    ----
   BIT SIZE         =   ----    ----
END OF MODULE INFORMATION.


C51 COMPILATION COMPLETE.  0 WARNING(S),  0 ERROR(S)
