C51 COMPILER V9.59.0.0   MAIN                                                              01/11/2022 22:43:56 PAGE 1   


C51 COMPILER V9.59.0.0, COMPILATION OF MODULE MAIN
OBJECT MODULE PLACED IN .\Objects\main.obj
COMPILER INVOKED BY: E:\SCM\keil 4\C51\BIN\C51.EXE main.c OPTIMIZE(8,SPEED) BROWSE DEBUG OBJECTEXTEND PRINT(.\Listings\m
                    -ain.lst) OBJECT(.\Objects\main.obj)

line level    source

   1          #include<reg51.h> //定义头文件
   2          #define uchar unsigned char       //宏定义
   3          #define uint unsigned int
   4          
   5          void delay(uint ms) //定义延时子函数
   6          {
   7   1              uint i,j;
   8   1              for(i=ms;i>0;i--) //通过改变ms的次数来改变延时时间       
   9   1                for(j=110;j>0;j--); 
  10   1      }
  11                  
  12          void main()              //主函数
  13          {
  14   1              while(1)
  15   1              {
  16   2                      P2 = 0Xfe;        // 1111 1110
  17   2                      P0 = 0X06;    // 0000 0110 显示1
  18   2                      delay(500);
  19   2      
  20   2                      P2 = 0Xfd;        // 1111 1101
  21   2                      P0 = 0X5b;      // 显示2
  22   2                      delay(500);             
  23   2      
  24   2                      P2 = 0Xfb;              // 1111 1011
  25   2                      P0 = 0X4f;      //显示3
  26   2                      delay(500);
  27   2                                                         
  28   2                      P2 = 0Xf7;                      // 1111 0111
  29   2                      P0 = 0X66;              //显示4
  30   2                      delay(500);                     
  31   2                      }
  32   1      }


MODULE INFORMATION:   STATIC OVERLAYABLE
   CODE SIZE        =     72    ----
   CONSTANT SIZE    =   ----    ----
   XDATA SIZE       =   ----    ----
   PDATA SIZE       =   ----    ----
   DATA SIZE        =   ----    ----
   IDATA SIZE       =   ----    ----
   BIT SIZE         =   ----    ----
END OF MODULE INFORMATION.


C51 COMPILATION COMPLETE.  0 WARNING(S),  0 ERROR(S)
