C51 COMPILER V9.59.0.0   MAIN                                                              01/24/2022 18:10:45 PAGE 1   


C51 COMPILER V9.59.0.0, COMPILATION OF MODULE MAIN
OBJECT MODULE PLACED IN .\Objects\main.obj
COMPILER INVOKED BY: E:\SCM\keil 4\C51\BIN\C51.EXE main.c OPTIMIZE(8,SPEED) BROWSE DEBUG OBJECTEXTEND PRINT(.\Listings\m
                    -ain.lst) OBJECT(.\Objects\main.obj)

line level    source

   1          #include<reg52.h>
   2          unsigned char code dispbitcode[]={0x3f,0x06,0x5b,0x4f,0x66,0x6d,0x7d,0x07,0x7f,0x6f};
   3          unsigned char dispbuf[4];
   4          unsigned int i;
   5          unsigned int j;
   6          unsigned int getdata;
   7          unsigned int temp;
   8          unsigned int temp1;
   9          
  10          sbit ST=P2^4;
  11          sbit OE=P2^5;
  12          sbit EOC=P2^6;
  13          sbit CLK=P2^7;
  14          sbit ADD_A=P3^4;  //选择AD的输入端
  15          sbit ADD_B=P3^5;
  16          sbit ADD_C=P3^6;
  17          sbit D0=P2^0;  //数码管的位控制端
  18          sbit D1=P2^1;
  19          sbit D2=P2^2;
  20          sbit D3=P2^3;
  21          sbit P17=P1^7;  //确定小数点的位置
  22          sbit s1=P3^2;
  23          sbit s2=P3^3;
  24          #define  _v0_5 {s1=1;s2=0;}
  25          #define _v10 {s1=0;s2=1;}
  26           
  27          
  28          unsigned char m;
  29          
  30          void TimeInitial();
  31          void Delay(unsigned int i);
  32          
  33          void TimeInitial()
  34          { 
  35   1              TMOD=0x10;
  36   1              TH1=(65536-200)/256;
  37   1              TL1=(65536-200)%256;
  38   1              EA=1;
  39   1              ET1=1;
  40   1              TR1=1;
  41   1       }
  42          void Delay(unsigned int i)
  43          {
  44   1        unsigned int j;
  45   1        for(;i>0;i--)
  46   1        {
  47   2        for(j=0;j<125;j++)
  48   2        {;}
  49   2        }
  50   1      }
  51          void Display()
  52          {
  53   1              P1=dispbitcode[dispbuf[3]];
  54   1              D0=0;
C51 COMPILER V9.59.0.0   MAIN                                                              01/24/2022 18:10:45 PAGE 2   

  55   1              D1=1;
  56   1              D2=1;
  57   1              D3=1;
  58   1              Delay(10);
  59   1              P1=0x00;
  60   1              
  61   1              P1=dispbitcode[dispbuf[2]];
  62   1              if(m==2)
  63   1              {
  64   2                      P17=1;
  65   2              }
  66   1              D0=1;
  67   1              D1=0;
  68   1              D2=1;
  69   1              D3=1;
  70   1              Delay(10);
  71   1              P1=0x00;
  72   1              
  73   1              P1=dispbitcode[dispbuf[1]];
  74   1              if(m==10)
  75   1              {
  76   2                      P1=1;
  77   2              }
  78   1              D0=1;
  79   1              D1=1;
  80   1              D2=0;
  81   1              D3=1;
  82   1              Delay(10);
  83   1              P1=0x00;
  84   1              
  85   1              P1=dispbitcode[dispbuf[0]];
  86   1              D0=1;
  87   1              D1=1;
  88   1              D2=1;
  89   1              D3=0;
  90   1              Delay(10);
  91   1              P1=0x00;
  92   1      }
  93          void main()
  94          {
  95   1              TimeInitial();
  96   1              ADD_A=0;
  97   1              ADD_B=0;
  98   1              ADD_C=0;
  99   1              _v10;
 100   1              m=2;
 101   1              while(1)
 102   1              {
 103   2                      ST=0;
 104   2                      OE=0;
 105   2                      ST=1;
 106   2                      ST=0;
 107   2                      while(EOC==0);
 108   2                      OE=1;
 109   2                      getdata=P0;
 110   2                      OE=0;
 111   2                      if((s1==0)&&(s2==1)&&(getdata<6))
 112   2                      {
 113   3                              ADD_A=1;
 114   3                              _v0_5;
 115   3                              m=10; 
 116   3                      }
C51 COMPILER V9.59.0.0   MAIN                                                              01/24/2022 18:10:45 PAGE 3   

 117   2                      else if((s1==1)&&(s2==0)&&(getdata>256))
 118   2                      {
 119   3                              ADD_A=0;
 120   3                              _v10;
 121   3                              m=2;
 122   3                              
 123   3                      }
 124   2                      temp=(getdata*1.0/255)*500*m;
 125   2                      dispbuf[0]=temp%10;
 126   2                      dispbuf[1]=temp/10%10;
 127   2                      dispbuf[2]=temp/100%10;
 128   2                      dispbuf[3]=temp/1000;
 129   2                      Display();
 130   2              }
 131   1      }
 132          
 133          void t1(void) interrupt 3 using 0
 134          {
 135   1        TH1=(65536-200)/256;
 136   1        TL1=(65536-200)%256;
 137   1        CLK=~CLK;
 138   1      }


MODULE INFORMATION:   STATIC OVERLAYABLE
   CODE SIZE        =    377    ----
   CONSTANT SIZE    =     10    ----
   XDATA SIZE       =   ----    ----
   PDATA SIZE       =   ----    ----
   DATA SIZE        =     15    ----
   IDATA SIZE       =   ----    ----
   BIT SIZE         =   ----    ----
END OF MODULE INFORMATION.


C51 COMPILATION COMPLETE.  0 WARNING(S),  0 ERROR(S)
