C51 COMPILER V9.59.0.0   MAIN                                                              11/09/2021 20:07:08 PAGE 1   


C51 COMPILER V9.59.0.0, COMPILATION OF MODULE MAIN
OBJECT MODULE PLACED IN main.OBJ
COMPILER INVOKED BY: E:\SCM\keil 4\C51\BIN\C51.EXE main.c OPTIMIZE(8,SPEED) BROWSE DEBUG OBJECTEXTEND

line level    source

   1          /*************************************************************************************
   2          
   3          *
   4          实验现象：下载程序后数码管显示0，按下矩阵按键上的按键显示对应的数字
   5                            S1-S4：0-3
   6                            S5-S8：4-7
   7                            S9-S12：8-B
   8                            S13-S16：C-F。
   9          接线说明： (具体接线图可见开发攻略对应实验的“实验现象”章节)
  10                             1，单片机-->静态数码管模块
  11                             J22-->J8
  12                             2，单片机-->矩阵键盘模块
  13                             J20-->JP3    
  14          注意事项：                                                                              
  15          
  16                                                                                            
  17          **************************************************************************************
  18          
  19          */
  20          #include "reg52.h"                       //此文件中定义了单片机的一些特殊功能寄存器
  21          
  22          typedef unsigned int u16;         //对数据类型进行声明定义
  23          typedef unsigned char u8;
  24          
  25          #define GPIO_DIG P0
  26          #define GPIO_KEY P3
  27          
  28          
  29          u8 KeyValue;    //用来存放读取到的键值
  30          
  31          
  32          u8 code smgduan[17]={0x3f,0x06,0x5b,0x4f,0x66,0x6d,0x7d,0x07,
  33                                                  0x7f,0x6f,0x77,0x7c,0x39,0x5e,0x79,0x71};//显示0~F的值
  34          
  35          /*******************************************************************************
  36          * 函 数 名         : delay
  37          * 函数功能                 : 延时函数，i=1时，大约延时10us
  38          *******************************************************************************/
  39          void delay(u16 i)
  40          {
  41   1              while(i--);     
  42   1      }
  43          
  44          /*******************************************************************************
  45          * 函 数 名         : KeyDown
  46          * 函数功能                 : 检测有按键按下并读取键值
  47          * 输    入         : 无
  48          * 输    出         : 无 
  49          *******************************************************************************/
  50          void KeyDown(void)
  51          {
  52   1              char a=0;
  53   1              GPIO_KEY=0x0f;
  54   1              if(GPIO_KEY!=0x0f)//读取按键是否按下
  55   1              {
C51 COMPILER V9.59.0.0   MAIN                                                              11/09/2021 20:07:08 PAGE 2   

  56   2                      delay(1000);//延时10ms进行消抖
  57   2                      if(GPIO_KEY!=0x0f)//再次检测键盘是否按下
  58   2                      {       
  59   3                              //测试列
  60   3                              GPIO_KEY=0X0F;
  61   3                              switch(GPIO_KEY)
  62   3                              {
  63   4                                      case(0X07):     KeyValue=0;break;
  64   4                                      case(0X0b):     KeyValue=1;break;
  65   4                                      case(0X0d): KeyValue=2;break;
  66   4                                      case(0X0e):     KeyValue=3;break;
  67   4                              }
  68   3                              //测试行
  69   3                              GPIO_KEY=0XF0;
  70   3                              switch(GPIO_KEY)
  71   3                              {
  72   4                                      case(0X70):     KeyValue=KeyValue;break;
  73   4                                      case(0Xb0):     KeyValue=KeyValue+4;break;
  74   4                                      case(0Xd0): KeyValue=KeyValue+8;break;
  75   4                                      case(0Xe0):     KeyValue=KeyValue+12;break;
  76   4                              }
  77   3                              
  78   3                      }
  79   2              }
  80   1              while((a<50)&&(GPIO_KEY!=0xf0))  //检测按键松手检测
  81   1              {
  82   2                      delay(100);
  83   2                      a++;
  84   2              }
  85   1      }
  86          
  87          
  88          /*******************************************************************************
  89          * 函 数 名       : main
  90          * 函数功能               : 主函数
  91          * 输    入       : 无
  92          * 输    出       : 无
  93          *******************************************************************************/
  94          void main()
  95          {       
  96   1      
  97   1              while(1)
  98   1              {       
  99   2                      KeyDown();                 //按键判断函数
 100   2                      GPIO_DIG=~smgduan[KeyValue];      //
 101   2              }               
 102   1      }


MODULE INFORMATION:   STATIC OVERLAYABLE
   CODE SIZE        =    164    ----
   CONSTANT SIZE    =     17    ----
   XDATA SIZE       =   ----    ----
   PDATA SIZE       =   ----    ----
   DATA SIZE        =      1       1
   IDATA SIZE       =   ----    ----
   BIT SIZE         =   ----    ----
END OF MODULE INFORMATION.


C51 COMPILATION COMPLETE.  0 WARNING(S),  0 ERROR(S)
