C51 COMPILER V9.59.0.0   MAIN                                                              06/12/2019 10:23:55 PAGE 1   


C51 COMPILER V9.59.0.0, COMPILATION OF MODULE MAIN
OBJECT MODULE PLACED IN .\output\main.obj
COMPILER INVOKED BY: D:\KEIL5\C51\BIN\C51.EXE User\main.c LARGE OPTIMIZE(8,SPEED) BROWSE INCDIR(.\User;.\Public;.\GUI;.\
                    -APP\tftlcd;.\APP\touch) DEBUG OBJECTEXTEND PRINT(.\output\main.lst) TABS(2) OBJECT(.\output\main.obj)

line level    source

   1          #include "public.h"  
   2          #include "uart.h"
   3          #include "tftlcd.h"
   4          #include "touch.h"
   5          #include "gui.h"
   6          
   7          
   8          //GUI测试
   9          void GUI_Test(void)
  10          {
  11   1        FRONT_COLOR=WHITE;
  12   1        LCD_ShowFontHZ(tftlcd_data.width/2-2*24-12, 0,"普中科技");
  13   1        LCD_ShowString(tftlcd_data.width/2-7*12,30,tftlcd_data.width,tftlcd_data.height,24,"www.prechin.cn");
  14   1        LCD_ShowString(tftlcd_data.width/2-7*8,55,tftlcd_data.width,tftlcd_data.height,24,"GUI Test");
  15   1        
  16   1        FRONT_COLOR=RED;
  17   1        gui_draw_bigpoint(10,55,GREEN);
  18   1        gui_draw_bline(10,80,120,80,10,GREEN);
  19   1        gui_draw_rectangle(10,95,30,30,GREEN);
  20   1        gui_draw_arcrectangle(50,95,30,30,5,1,BLUE,GREEN);
  21   1        gui_fill_rectangle(90,95,30,30,GREEN);
  22   1        //gui_fill_circle(90,120,20,GREEN);
  23   1        gui_fill_ellipse(30,150,20,10,GREEN);
  24   1      
  25   1        //更多的GUI等待大家来发掘和编写
  26   1        
  27   1        delay_ms(2000);
  28   1        LCD_Clear(BACK_COLOR);    
  29   1      }
  30          
  31          void main()
  32          {
  33   1      
  34   1        UART_Init();
  35   1        TFTLCD_Init();
  36   1          
  37   1        FRONT_COLOR=WHITE;
  38   1        LCD_ShowFontHZ(tftlcd_data.width/2-2*24-12, 0,"普中科技");
  39   1        LCD_ShowString(tftlcd_data.width/2-7*12,30,tftlcd_data.width,tftlcd_data.height,24,"www.prechin.cn");
  40   1      
  41   1          
  42   1        while(1)
  43   1        {
  44   2          
  45   2        }         
  46   1      }


MODULE INFORMATION:   STATIC OVERLAYABLE
   CODE SIZE        =    472    ----
   CONSTANT SIZE    =     33    ----
   XDATA SIZE       =   ----    ----
   PDATA SIZE       =   ----    ----
   DATA SIZE        =   ----    ----
C51 COMPILER V9.59.0.0   MAIN                                                              06/12/2019 10:23:55 PAGE 2   

   IDATA SIZE       =   ----    ----
   BIT SIZE         =   ----    ----
END OF MODULE INFORMATION.


C51 COMPILATION COMPLETE.  0 WARNING(S),  0 ERROR(S)
