C51 COMPILER V9.54   LCD1602                                                               03/29/2023 11:26:56 PAGE 1   


C51 COMPILER V9.54, COMPILATION OF MODULE LCD1602
OBJECT MODULE PLACED IN .\Objects\LCD1602.obj
COMPILER INVOKED BY: E:\MDK5\C51\BIN\C51.EXE LCD1602.c OPTIMIZE(8,SPEED) BROWSE DEBUG OBJECTEXTEND PRINT(.\Listings\LCD1
                    -602.lst) OBJECT(.\Objects\LCD1602.obj)

line level    source

   1          #include "reg52.h"
   2          
   3          sbit LCD_RS=P2^6;
   4          sbit LCD_RW=P2^5;
   5          sbit LCD_E=P2^7;
   6          #define LCDData P0
   7          #define uint unsigned int
   8          #define uchar unsigned char
   9          
  10          void Lcd1602_Delay1ms(uint c)
  11          {
  12   1              uchar a,b;
  13   1              for(;c>0;c--)
  14   1              {
  15   2                      for(b=199;b>0;b--)
  16   2                      {
  17   3                              for(a=1;a>0;a--);
  18   3                      }
  19   2              }
  20   1      }
  21          void LcdWriteCom(uchar com)
  22          {
  23   1              LCD_E=0;
  24   1              LCD_RS=0;
  25   1              LCD_RW=0;
  26   1              
  27   1              LCDData=com;
  28   1              Lcd1602_Delay1ms(1);
  29   1              
  30   1              LCD_E=1;
  31   1              Lcd1602_Delay1ms(5);
  32   1              LCD_E=0;
  33   1      }
  34          void LCDWriteData(uchar dat)
  35          {
  36   1              LCD_E=0;
  37   1              LCD_RS=1;
  38   1              LCD_RW=0;
  39   1              
  40   1              LCDData=dat;
  41   1              Lcd1602_Delay1ms(1);
  42   1              
  43   1              LCD_E=1;
  44   1              Lcd1602_Delay1ms(5);
  45   1              LCD_E=0;
  46   1      }
  47          void LcdInit()                  //初始化
  48          {
  49   1              LcdWriteCom(0x38);  //开显示
  50   1              LcdWriteCom(0x0c);  //开显示不显示光标
  51   1              LcdWriteCom(0x06);  //写一个指针加1
  52   1              LcdWriteCom(0x01);  //清屏
  53   1              LcdWriteCom(0x80);  //设置数据指针起点
  54   1      }
C51 COMPILER V9.54   LCD1602                                                               03/29/2023 11:26:56 PAGE 2   



MODULE INFORMATION:   STATIC OVERLAYABLE
   CODE SIZE        =     87    ----
   CONSTANT SIZE    =   ----    ----
   XDATA SIZE       =   ----    ----
   PDATA SIZE       =   ----    ----
   DATA SIZE        =   ----    ----
   IDATA SIZE       =   ----    ----
   BIT SIZE         =   ----    ----
END OF MODULE INFORMATION.


C51 COMPILATION COMPLETE.  0 WARNING(S),  0 ERROR(S)
