C51 COMPILER V9.60.0.0   MAIN                                                              03/12/2022 20:20:17 PAGE 1   


C51 COMPILER V9.60.0.0, COMPILATION OF MODULE MAIN
OBJECT MODULE PLACED IN .\Objects\main.obj
COMPILER INVOKED BY: E:\MDK5\C51\BIN\C51.EXE main.c OPTIMIZE(8,SPEED) BROWSE DEBUG OBJECTEXTEND PRINT(.\Listings\main.ls
                    -t) TABS(2) OBJECT(.\Objects\main.obj)

line level    source

   1          #include "reg52.h"
   2          #include "oled.h"
   3          
   4          void main()
   5          {
   6   1        OLED_Init();
   7   1        OLED_Clear();
   8   1        OLED_ShowCHinese(0,0,0);//温
   9   1        OLED_ShowCHinese(18,0,1);//度
  10   1        OLED_ShowCHinese(36,0,2);//检
  11   1        OLED_ShowCHinese(54,0,3);//测
  12   1        OLED_ShowCHinese(72,0,4);//实
  13   1        OLED_ShowCHinese(92,0,5);//验
  14   1        while(1)
  15   1        {
  16   2          OLED_ShowCHinese(0,0,0);//温
  17   2          OLED_ShowCHinese(18,0,1);//度
  18   2          OLED_ShowCHinese(36,0,2);//检
  19   2          OLED_ShowCHinese(54,0,3);//测
  20   2          OLED_ShowCHinese(72,0,4);//实
  21   2          OLED_ShowCHinese(92,0,5);//验
  22   2          
  23   2          OLED_ShowCHinese(0,3,6);//储
  24   2          OLED_ShowCHinese(18,3,7);//存
  25   2          OLED_ShowCHinese(36,3,8);//温
  26   2          OLED_ShowCHinese(54,3,9);//度
  27   2          
  28   2          OLED_ShowCHinese(0,6,10);//实
  29   2          OLED_ShowCHinese(18,6,11);//时
  30   2          OLED_ShowCHinese(36,6,12);//温
  31   2          OLED_ShowCHinese(54,6,13);//度
  32   2      
  33   2          
  34   2        }
  35   1      }
  36          


MODULE INFORMATION:   STATIC OVERLAYABLE
   CODE SIZE        =    184    ----
   CONSTANT SIZE    =   ----    ----
   XDATA SIZE       =   ----    ----
   PDATA SIZE       =   ----    ----
   DATA SIZE        =   ----    ----
   IDATA SIZE       =   ----    ----
   BIT SIZE         =   ----    ----
END OF MODULE INFORMATION.


C51 COMPILATION COMPLETE.  0 WARNING(S),  0 ERROR(S)
