C51 COMPILER V9.60.0.0   MAIN                                                              04/07/2022 22:56:45 PAGE 1   


C51 COMPILER V9.60.0.0, COMPILATION OF MODULE MAIN
OBJECT MODULE PLACED IN .\Objects\main.obj
COMPILER INVOKED BY: E:\MDK5\C51\BIN\C51.EXE main.c OPTIMIZE(8,SPEED) BROWSE DEBUG OBJECTEXTEND PRINT(.\Listings\main.ls
                    -t) OBJECT(.\Objects\main.obj)

line level    source

   1          #include <reg52.h>
   2          #include "delay.h"
   3          #include "smg.h"
   4          
   5          sbit k1 = P3^4;  //按键K1
   6          sbit k2 = P3^5;  //按键K2
   7          
   8          unsigned char ms,s,m; //毫秒，秒，分
   9          
  10          void Timer0Init()
  11          {
  12   1              TMOD|=0X01;//选择为定时器0模式，工作方式1。
  13   1      
  14   1              TH0=0Xd8;       //给定时器赋初值，定时10ms
  15   1              TL0=0Xf0;       
  16   1              ET0=1;//打开定时器0中断允许
  17   1              EA=1;//打开总中断
  18   1              TR0=1;//打开定时器                      
  19   1      }
  20          void datapros()
  21          {
  22   1              smg(1,m/10);
  23   1              smg1(2,m%10);
  24   1              smg(3,s/10);
  25   1              smg(4,s%10);
  26   1      
  27   1      }
  28          
  29          void Key_Process(void)
  30          {
  31   1              if(k1 == 0)               //检测按键K1是否按下
  32   1              {       
  33   2                      delay(1000);   //消抖
  34   2                      if(k1 == 0)      //再次判断按键是否按下
  35   2                      {
  36   3                              if(TR0 == 1)
  37   3                                      TR0 = 0; //关闭定时器                   
  38   3                              else
  39   3                                      TR0 = 1; //打开定时器                   
  40   3                      }
  41   2                      while(!k1);      //检测按键是否松开
  42   2              }       
  43   1              else if(k2 == 0)
  44   1              {
  45   2                      delay(1000);   //消抖
  46   2                      if(k2 == 0)      //再次判断按键是否按下
  47   2                      {
  48   3                              TR0 = 0;//关闭定时器    
  49   3                              ms = 0;
  50   3                              s = 0;
  51   3                              m = 0;
  52   3                      }
  53   2                      while(!k2);      //检测按键是否松开
  54   2              }
C51 COMPILER V9.60.0.0   MAIN                                                              04/07/2022 22:56:45 PAGE 2   

  55   1      }
  56          
  57          
  58          void main()
  59          {       
  60   1              Timer0Init();  //定时器0初始化
  61   1              while(1)
  62   1              {
  63   2                      datapros();     
  64   2                      Key_Process();
  65   2              }               
  66   1      }
  67          
  68          
  69          void Timer0() interrupt 1
  70          {
  71   1              TH0=0Xd8;       //给定时器赋初值，定时10ms
  72   1              TL0=0Xf0;
  73   1              ms++;
  74   1              if(ms>=100)  //1s
  75   1              {
  76   2                      ms=0;
  77   2                      s++;
  78   2                      if(s>=60)
  79   2                      {
  80   3                              s=0;
  81   3                              m++;
  82   3                              if(m>=60)
  83   3                              {
  84   4                                      m=0;
  85   4                              }
  86   3                      }       
  87   2              }       
  88   1      }


MODULE INFORMATION:   STATIC OVERLAYABLE
   CODE SIZE        =    201    ----
   CONSTANT SIZE    =   ----    ----
   XDATA SIZE       =   ----    ----
   PDATA SIZE       =   ----    ----
   DATA SIZE        =      3    ----
   IDATA SIZE       =   ----    ----
   BIT SIZE         =   ----    ----
END OF MODULE INFORMATION.


C51 COMPILATION COMPLETE.  0 WARNING(S),  0 ERROR(S)
