C51 COMPILER V9.60.0.0   SMG                                                               04/07/2022 22:56:46 PAGE 1   


C51 COMPILER V9.60.0.0, COMPILATION OF MODULE SMG
OBJECT MODULE PLACED IN .\Objects\smg.obj
COMPILER INVOKED BY: E:\MDK5\C51\BIN\C51.EXE smg.c OPTIMIZE(8,SPEED) BROWSE DEBUG OBJECTEXTEND PRINT(.\Listings\smg.lst)
                    - OBJECT(.\Objects\smg.obj)

line level    source

   1          #include <reg52.h>
   2          #include "delay.h"
   3          
   4          sbit LSA=P2^4;
   5          sbit LSB=P2^5;
   6          sbit LSC=P2^6;
   7          sbit LSD=P2^7;
   8          
   9          void smg(unsigned char x,y)
  10          {
  11   1       unsigned char a[17]={~0x3f,~0x06,~0x5b,~0x4f,~0x66,~0x6d,~0x7d,~0x07,~0x7f,~0x6f,~0x77,~0x7c,~0x39,~0x5e,
             -~0x79,~0x71};//段选
  12   1       switch(x)
  13   1       {
  14   2        case 1:LSA=0;LSB=1;LSC=1;LSD=1;break;//位选
  15   2        case 2:LSA=1;LSB=0;LSC=1;LSD=1;break;
  16   2        case 3:LSA=1;LSB=1;LSC=0;LSD=1;break;
  17   2        case 4:LSA=1;LSB=1;LSC=1;LSD=0;break;
  18   2       }
  19   1       P0=a[y];
  20   1       delay(100);
  21   1      }
  22          void smg1(unsigned char x,y)//末尾加上小数点
  23          {
  24   1       unsigned char a[17]={~0x3f&0x7f,~0x06&0x7f,~0x5b&0x7f,~0x4f&0x7f,~0x66&0x7f,~0x6d&0x7f,~0x7d&0x7f,~0x07&0
             -x7f,~0x7f&0x7f,~0x6f&0x7f,~0x77&0x7f,~0x7c&0x7f,~0x39&0x7f,~0x5e&0x7f,~0x79&0x7f,~0x71&0x7f};//段选且加上小数点
  25   1       switch(x)
  26   1       {
  27   2        case 1:LSA=0;LSB=1;LSC=1;LSD=1;break;//位选
  28   2        case 2:LSA=1;LSB=0;LSC=1;LSD=1;break;
  29   2        case 3:LSA=1;LSB=1;LSC=0;LSD=1;break;
  30   2        case 4:LSA=1;LSB=1;LSC=1;LSD=0;break;
  31   2       }
  32   1       P0=a[y];
  33   1       delay(100);
  34   1      }


MODULE INFORMATION:   STATIC OVERLAYABLE
   CODE SIZE        =    180    ----
   CONSTANT SIZE    =     34    ----
   XDATA SIZE       =   ----    ----
   PDATA SIZE       =   ----    ----
   DATA SIZE        =   ----      40
   IDATA SIZE       =   ----    ----
   BIT SIZE         =   ----    ----
END OF MODULE INFORMATION.


C51 COMPILATION COMPLETE.  0 WARNING(S),  0 ERROR(S)
