C51 COMPILER V9.59.0.0   MAIN                                                              02/13/2022 23:11:40 PAGE 1   


C51 COMPILER V9.59.0.0, COMPILATION OF MODULE MAIN
OBJECT MODULE PLACED IN .\Objects\main.obj
COMPILER INVOKED BY: E:\SCM\keil 4\C51\BIN\C51.EXE main.c OPTIMIZE(8,SPEED) BROWSE DEBUG OBJECTEXTEND PRINT(.\Listings\m
                    -ain.lst) OBJECT(.\Objects\main.obj)

line level    source

   1          #include "reg52.h"
   2          #include "LCD1602.h"
   3          #include "DS1302.h"
   4          
   5          typedef unsigned int u16;         //对数据类型进行声明定义
   6          typedef unsigned char u8;
   7          
   8          
   9           
  10          
  11          void main()
  12          {
  13   1              LcdInit();
  14   1              DS1302_Init();
  15   1              DS1302_SetTime();
  16   1              LCD_ShowString(1,1,"  _  _  ");
  17   1              LCD_ShowString(2,1,"  :  :  ");
  18   1              while(1)
  19   1              {
  20   2                      DS1302_ReadTime();
  21   2                      LCD_ShowNum(1,1,DS1302_Time[0],2);
  22   2                      LCD_ShowNum(1,4,DS1302_Time[1],2);
  23   2                      LCD_ShowNum(1,7,DS1302_Time[2],2);
  24   2                      LCD_ShowNum(2,1,DS1302_Time[3],2);
  25   2                      LCD_ShowNum(2,4,DS1302_Time[4],2);
  26   2                      LCD_ShowNum(2,7,DS1302_Time[5],2);
  27   2              }
  28   1      }


MODULE INFORMATION:   STATIC OVERLAYABLE
   CODE SIZE        =    130    ----
   CONSTANT SIZE    =     18    ----
   XDATA SIZE       =   ----    ----
   PDATA SIZE       =   ----    ----
   DATA SIZE        =   ----    ----
   IDATA SIZE       =   ----    ----
   BIT SIZE         =   ----    ----
END OF MODULE INFORMATION.


C51 COMPILATION COMPLETE.  0 WARNING(S),  0 ERROR(S)
