C51 COMPILER V9.59.0.0   MAIN                                                              03/10/2022 20:35:02 PAGE 1   


C51 COMPILER V9.59.0.0, COMPILATION OF MODULE MAIN
OBJECT MODULE PLACED IN main.OBJ
COMPILER INVOKED BY: E:\SCM\keil 4\C51\BIN\C51.EXE main.c OPTIMIZE(8,SPEED) BROWSE DEBUG OBJECTEXTEND

line level    source

   1          #include "reg52.h"    //此文件中定义了单片机的一些特殊功能寄存器
   2          
   3          typedef unsigned int u16;         //对数据类型进行声明定义
   4          typedef unsigned char u8;
   5          
   6          
   7          
   8          #define USART_MAX_RECV_LEN      40
   9          u8 USART_RX_BUF[USART_MAX_RECV_LEN];
  10          u16 USART_RX_STA=0; 
  11          
  12          
  13          void UsartInit()
  14          {
  15   1              SCON=0X50;                      //设置为工作方式1
  16   1              TMOD=0X20;                      //设置计数器工作方式2
  17   1              PCON=0X80;                      //波特率加倍
  18   1              TH1=0XFa;                       //计数器初始值设置，注意波特率是9600的
  19   1              TL1=0XFa;
  20   1              ES=1;                                           //打开接收中断
  21   1              EA=1;                                           //打开总中断
  22   1              TR1=1;                                  //打开计数器
  23   1      }
  24          
  25          void USART_SendData(u8 datbuf[])
  26          {
  27   1              u8 i=0;
  28   1              for(i=0;i<1;i++)
  29   1              {
  30   2                      SBUF=datbuf[i];//将接收到的数据放入到发送寄存器
  31   2                      while(!TI);//等待发送数据完成
  32   2                      TI=0;//清除发送完成标志位       
  33   2              }
  34   1      }
  35          
  36          void main()
  37          {
  38   1              UsartInit();  //串口初始化
  39   1              while(1)
  40   1              {       
  41   2                      if(USART_RX_BUF[0]==0x01)
  42   2                      {
  43   3                              P1=0;
  44   3                              USART_SendData(USART_RX_BUF);
  45   3                      }
  46   2                      else if(USART_RX_BUF[0]==0x02)
  47   2                      {
  48   3                              P1=1;
  49   3                              USART_SendData(USART_RX_BUF);
  50   3                      }               
  51   2              }
  52   1      }
  53          
  54          void Usart() interrupt 4
  55          {
C51 COMPILER V9.59.0.0   MAIN                                                              03/10/2022 20:35:02 PAGE 2   

  56   1              u8 res;
  57   1              res=SBUF;
  58   1              USART_RX_BUF[0]=res;
  59   1              RI = 0;//清除接收中断标志位                                                      
  60   1      }


MODULE INFORMATION:   STATIC OVERLAYABLE
   CODE SIZE        =    126    ----
   CONSTANT SIZE    =   ----    ----
   XDATA SIZE       =   ----    ----
   PDATA SIZE       =   ----    ----
   DATA SIZE        =     42       3
   IDATA SIZE       =   ----    ----
   BIT SIZE         =   ----    ----
END OF MODULE INFORMATION.


C51 COMPILATION COMPLETE.  0 WARNING(S),  0 ERROR(S)
