C51 COMPILER V9.54   MAIN                                                                  11/20/2022 20:26:58 PAGE 1   


C51 COMPILER V9.54, COMPILATION OF MODULE MAIN
OBJECT MODULE PLACED IN main.OBJ
COMPILER INVOKED BY: E:\MDK5\C51\BIN\C51.EXE main.c OPTIMIZE(8,SPEED) BROWSE DEBUG OBJECTEXTEND

line level    source

   1          #include "public.h"                      
   2          #include "temp.h"
   3          
   4          
   5          sbit ESP8266_RST_Pin=P2^5;
   6          sbit ESP8266_CH_PD_Pin=P2^6; 
   7          
   8          sbit led1=P2^0;
   9          sbit led2=P2^1;
  10          sbit led3=P2^2;
  11          sbit relay=P2^3;
  12          
  13          #define RELOAD_COUNT 0xFA //宏定义波特率发生器的载入值 9600
  14          
  15          #if 1
  16          u8 RecBuf[50];
  17          u8 recFlagOK=0;
  18          #endif
  19          
  20          u8 tempData[9];
  21          
  22          void UART_Init()
  23          {
  24   1              SCON=0X50;                      //设置为工作方式1
  25   1              TMOD=0X20;                      //设置计数器工作方式2
  26   1              PCON=0X80;                      //波特率加倍
  27   1              TH1=RELOAD_COUNT;       //计数器初始值设置
  28   1              TL1=TH1;
  29   1              ES=0;                           //关闭接收中断
  30   1              EA=1;                           //打开总中断
  31   1              TR1=1;                          //打开计数器
  32   1      }
  33          
  34          void UART_SendByte(u8 dat)
  35          {
  36   1              ES=0; //关闭串口中断
  37   1              TI=0; //清发送完毕中断请求标志位
  38   1              SBUF=dat; //发送
  39   1              while(TI==0); //等待发送完毕
  40   1              TI=0; //清发送完毕中断请求标志位
  41   1              ES=1; //允许串口中断
  42   1      }
  43          
  44          void ESP8266_SendCmd(u8 *pbuf)
  45          {
  46   1              while(*pbuf!='\0') //遇到空格跳出循环   
  47   1              {
  48   2                      UART_SendByte(*pbuf);
  49   2                      delay_10us(5);
  50   2                      pbuf++; 
  51   2              }
  52   1              delay_10us(5);
  53   1              UART_SendByte('\r');//回车
  54   1              delay_10us(5);
  55   1              UART_SendByte('\n');//换行
C51 COMPILER V9.54   MAIN                                                                  11/20/2022 20:26:58 PAGE 2   

  56   1              delay_ms(1000);
  57   1      }
  58          
  59          void ESP8266_SendData(u8 *pbuf)
  60          {
  61   1              ESP8266_SendCmd("AT+CIPSEND=0,9");
  62   1              while(*pbuf!='\0') //遇到空格跳出循环   
  63   1              {
  64   2                      UART_SendByte(*pbuf);
  65   2                      delay_10us(5);
  66   2                      pbuf++; 
  67   2              }
  68   1              delay_10us(5);
  69   1              UART_SendByte('\n');//换行      
  70   1              delay_ms(10);
  71   1      }
  72          
  73          //ESP8266-WIFI模块工作模式初始化
  74          void ESP8266_ModeInit(void)
  75          {
  76   1              ESP8266_RST_Pin=1;
  77   1              ESP8266_CH_PD_Pin=1;
  78   1              ESP8266_SendCmd("AT");
  79   1              ESP8266_SendCmd("AT+CWMODE=3");//设置路由器模式 1 staTIon模式 2 AP点 路由器模式 3 station+AP混合模式
  80   1              ESP8266_SendCmd("AT+CWSAP=\"PRECHIN\",\"prechin168\",11,0"); //设置WIFI热点名及密码
  81   1              ESP8266_SendCmd("AT+CIPAP=\"192.168.4.2\"");//重新启动wifi模块
  82   1              ESP8266_SendCmd("AT+RST");//重新启动wifi模块
  83   1              ESP8266_SendCmd("AT+CIPMUX=1"); //开启多连接模式，允许多个各客户端接入
  84   1              ESP8266_SendCmd("AT+CIPSERVER=1,8080"); //启动TCP/IP 端口为8080 实现基于网络控制        
  85   1      }
  86          
  87          //温度数据处理
  88          #if 1
  89          void TempDataPros(void)
  90          { 
  91   1              int tempdat=0;
  92   1      
  93   1              tempdat=Ds18b20ReadTemp()*10;
  94   1              if(tempdat<0)
  95   1              {
  96   2                      tempData[0]='-';
  97   2              }               
  98   1              else
  99   1              {
 100   2                      tempData[0]=' ';        
 101   2              }
 102   1                              
 103   1      
 104   1              tempData[1]=tempdat / 10000+0x30;
 105   1              tempData[2]=tempdat % 10000 / 1000+0x30;
 106   1              tempData[3]=tempdat % 1000 / 100+0x30;
 107   1              tempData[4] ='.';
 108   1              tempData[5]=tempdat % 100 / 10+0x30;
 109   1              tempData[6]=tempdat % 10+0x30;
 110   1              tempData[7] ='C';
 111   1              tempData[8] ='\0';              
 112   1      }       
 113          #endif
 114          
 115          void main()
 116          {       
 117   1              u16 i=0;
C51 COMPILER V9.54   MAIN                                                                  11/20/2022 20:26:58 PAGE 3   

 118   1      
 119   1              led1=led2=led3=1;
 120   1              relay=1;
 121   1      
 122   1              UART_Init(); //串口初始化
 123   1              ESP8266_ModeInit();
 124   1              ES=1; //允许串口中断
 125   1              while(1)
 126   1              {
 127   2                      i++;
 128   2                      if(i%10==0)
 129   2                      {
 130   3                              led3=!led3;
 131   3                              TempDataPros();
 132   3                              ESP8266_SendData(tempData);
 133   3                      }
 134   2                      delay_ms(10);
 135   2              }               
 136   1      }
 137          
 138          #if 1
 139          void Uart() interrupt 4
 140          {
 141   1              static u8 i=0;
 142   1              if(RI)
 143   1              {
 144   2                      RI=0;
 145   2                      RecBuf[i]=SBUF;    //+IPD,0,1:F
 146   2                      if(RecBuf[0]=='+')i++;
 147   2                      else i=0;
 148   2                      if(i==10)
 149   2                      {
 150   3                              i=0;
 151   3                              if(RecBuf[0]=='+'&&RecBuf[1]=='I'&&RecBuf[2]=='P'&&RecBuf[3]=='D')
 152   3                              {
 153   4                                      switch(RecBuf[9])
 154   4                                      {
 155   5                                              case 'F': led1=0;break;//点亮led1
 156   5                                              case 'B': led1=1;break;//关闭led1
 157   5                                              case 'L': relay=0;break;//继电器
 158   5                                              case 'R': relay=1;break;//
 159   5                                      }
 160   4                              }
 161   3                      }                               
 162   2              }
 163   1                                                      
 164   1      }
 165          #endif
 166          


MODULE INFORMATION:   STATIC OVERLAYABLE
   CODE SIZE        =    571    ----
   CONSTANT SIZE    =    129    ----
   XDATA SIZE       =   ----    ----
   PDATA SIZE       =   ----    ----
   DATA SIZE        =     61       8
   IDATA SIZE       =   ----    ----
   BIT SIZE         =   ----    ----
END OF MODULE INFORMATION.


C51 COMPILATION COMPLETE.  0 WARNING(S),  0 ERROR(S)
