C51 COMPILER V9.54   PUBLIC                                                                11/20/2022 15:17:32 PAGE 1   


C51 COMPILER V9.54, COMPILATION OF MODULE PUBLIC
OBJECT MODULE PLACED IN public.OBJ
COMPILER INVOKED BY: E:\MDK5\C51\BIN\C51.EXE public.c OPTIMIZE(8,SPEED) BROWSE DEBUG OBJECTEXTEND

line level    source

   1          #include "public.h"
   2          
   3          
   4          void delay_10us(u16 us)
   5          {
   6   1              while(us--);
   7   1      }
   8          
   9          void delay_ms(u16 ms)
  10          {
  11   1              u16 i,j;
  12   1              for(i=ms;i>0;i--)
  13   1                      for(j=114;j>0;j--);
  14   1      }


MODULE INFORMATION:   STATIC OVERLAYABLE
   CODE SIZE        =     41    ----
   CONSTANT SIZE    =   ----    ----
   XDATA SIZE       =   ----    ----
   PDATA SIZE       =   ----    ----
   DATA SIZE        =   ----    ----
   IDATA SIZE       =   ----    ----
   BIT SIZE         =   ----    ----
END OF MODULE INFORMATION.


C51 COMPILATION COMPLETE.  0 WARNING(S),  0 ERROR(S)
