C51 COMPILER V9.59.0.0   MAIN                                                              02/20/2022 16:56:27 PAGE 1   


C51 COMPILER V9.59.0.0, COMPILATION OF MODULE MAIN
OBJECT MODULE PLACED IN .\Objects\main.obj
COMPILER INVOKED BY: E:\SCM\keil 4\C51\BIN\C51.EXE main.c OPTIMIZE(8,SPEED) BROWSE DEBUG OBJECTEXTEND PRINT(.\Listings\m
                    -ain.lst) OBJECT(.\Objects\main.obj)

line level    source

   1          #include "reg52.h"
   2          #include "LCD1602.h"
   3          #include "IR.h"
   4          
   5          unsigned char Num;
   6          unsigned char Address;
   7          unsigned char Command;
   8          
   9          void main()
  10          {
  11   1              LcdInit();
  12   1              LCD_ShowString(1,1,"ADDR  CMD  NUM");
  13   1              LCD_ShowString(2,1,"00    00   000");
  14   1              IR_Init();
  15   1              while(1)
  16   1              {
  17   2                      if(IR_GetDataFlag() |IR_GetRepeatFlag())
  18   2                      {
  19   3                              Address=IR_GetAddress();
  20   3                              Command=IR_GetCommand();
  21   3                              
  22   3                              LCD_ShowHexNum(2,1,Address,2);
  23   3                              LCD_ShowHexNum(2,7,Command,2);
  24   3                              
  25   3                              if(Command==IR_VOL_MINUS)
  26   3                              {
  27   4                                      Num--;
  28   4                              }
  29   3                              if(Command==IR_VOL_ADD)
  30   3                              {
  31   4                                      Num++;
  32   4                              }
  33   3                              LCD_ShowNum(2,12,Num,3);
  34   3                      }
  35   2              }
  36   1      }


MODULE INFORMATION:   STATIC OVERLAYABLE
   CODE SIZE        =    121    ----
   CONSTANT SIZE    =     30    ----
   XDATA SIZE       =   ----    ----
   PDATA SIZE       =   ----    ----
   DATA SIZE        =      3    ----
   IDATA SIZE       =   ----    ----
   BIT SIZE         =   ----    ----
END OF MODULE INFORMATION.


C51 COMPILATION COMPLETE.  0 WARNING(S),  0 ERROR(S)
