C51 COMPILER V9.59.0.0   TIMER0                                                            02/20/2022 16:56:27 PAGE 1   


C51 COMPILER V9.59.0.0, COMPILATION OF MODULE TIMER0
OBJECT MODULE PLACED IN .\Objects\Timer0.obj
COMPILER INVOKED BY: E:\SCM\keil 4\C51\BIN\C51.EXE Timer0.c OPTIMIZE(8,SPEED) BROWSE DEBUG OBJECTEXTEND PRINT(.\Listings
                    -\Timer0.lst) OBJECT(.\Objects\Timer0.obj)

line level    source

   1          #include <reg52.h>
   2          
   3          void Timer0Init(void)           //1毫秒@12.000MHz
   4          {
   5   1              TMOD &= 0xF0;           //设置定时器模式
   6   1              TMOD |= 0x01;           //设置定时器模式
   7   1              TL0 = 0x18;             //设置定时初值
   8   1              TH0 = 0xFC;             //设置定时初值
   9   1              TF0 = 0;                //清除TF0标志
  10   1              TR0 = 0;                //定时器0不计时
  11   1      
  12   1      }
  13          void Timer0_SetCounter(unsigned int Value)
  14          {
  15   1              TH0=Value/256;
  16   1              TL0=Value%256;  
  17   1      }
  18          unsigned int Timer0_GetCounter(void)
  19          {
  20   1              return (TH0<<8)|TL0;
  21   1      }
  22          void Timer0_Run(unsigned char Flag)
  23          {
  24   1              TR0=Flag;
  25   1      }
  26          


MODULE INFORMATION:   STATIC OVERLAYABLE
   CODE SIZE        =     43    ----
   CONSTANT SIZE    =   ----    ----
   XDATA SIZE       =   ----    ----
   PDATA SIZE       =   ----    ----
   DATA SIZE        =   ----    ----
   IDATA SIZE       =   ----    ----
   BIT SIZE         =   ----    ----
END OF MODULE INFORMATION.


C51 COMPILATION COMPLETE.  0 WARNING(S),  0 ERROR(S)
