C51 COMPILER V9.60.0.0   MAIN                                                              04/27/2022 15:27:52 PAGE 1   


C51 COMPILER V9.60.0.0, COMPILATION OF MODULE MAIN
OBJECT MODULE PLACED IN main.OBJ
COMPILER INVOKED BY: E:\MDK5\C51\BIN\C51.EXE main.c OPTIMIZE(8,SPEED) BROWSE DEBUG OBJECTEXTEND

line level    source

   1          /*************************************************************************************
   2          
   3          *
   4          实验现象：下载程序后插上LCD1602液晶在开发板上，即可显示
   5                            
   6          接线说明： (具体接线图可见开发攻略对应实验的“实验现象”章节)
   7          
   8                  
   9          注意事项：根据自己使用的LCD1602是否带有转接板，如果带有转接板的即为4位，需在LCD.H头文件中
  10          将宏#define LCD1602_4PINS打开，我们这里使用的LCD1602是8位，所以默认将该宏注释                                                                           
  11          
  12                                                                                            
  13          **************************************************************************************
  14          
  15          */
  16          #include <REG52.H>
  17          #include "lcd.h"
  18          
  19          typedef unsigned int u16;         //对数据类型进行声明定义
  20          typedef unsigned char u8;
  21          
  22          u8 Disp[]=" lxyohj lxyohj ";
  23          
  24          /*******************************************************************************
  25          * 函 数 名         : main
  26          * 函数功能                 : 主函数
  27          * 输    入         : 无
  28          * 输    出         : 无
  29          *******************************************************************************/
  30          void main(void)
  31          {
  32   1              u8 i;
  33   1              LcdInit();
  34   1              for(i=0;i<16;i++)
  35   1              {
  36   2                      LcdWriteData(Disp[i]);  
  37   2              }
  38   1              while(1);                               
  39   1      }


MODULE INFORMATION:   STATIC OVERLAYABLE
   CODE SIZE        =     33    ----
   CONSTANT SIZE    =   ----    ----
   XDATA SIZE       =   ----    ----
   PDATA SIZE       =   ----    ----
   DATA SIZE        =     16       1
   IDATA SIZE       =   ----    ----
   BIT SIZE         =   ----    ----
END OF MODULE INFORMATION.


C51 COMPILATION COMPLETE.  0 WARNING(S),  0 ERROR(S)
