C51 COMPILER V9.60.0.0   KEY                                                               05/20/2022 15:06:53 PAGE 1   


C51 COMPILER V9.60.0.0, COMPILATION OF MODULE KEY
OBJECT MODULE PLACED IN .\Objects\key.obj
COMPILER INVOKED BY: E:\MDK5\C51\BIN\C51.EXE key.c OPTIMIZE(8,SPEED) BROWSE DEBUG OBJECTEXTEND PRINT(.\Listings\key.lst)
                    - OBJECT(.\Objects\key.obj)

line level    source

   1          #include <reg52.h>
   2          #include "delay.h"
   3          sbit k1=P3^4;
   4          sbit k2=P3^5;
   5          sbit k3=P3^6;
   6          sbit k4=P3^7;
   7          unsigned char key()
   8          {
   9   1              unsigned char keynumber=0;
  10   1              if(k1==0)
  11   1              {
  12   2                      delay(1000);
  13   2                      while(k1==0);
  14   2                      delay(1000);
  15   2                      keynumber=1;
  16   2              }
  17   1              if(k2==0)
  18   1              {
  19   2                      delay(1000);
  20   2                      while(k2==0);
  21   2                      delay(1000);
  22   2                      keynumber=2;
  23   2              }
  24   1              return keynumber;
  25   1      }


MODULE INFORMATION:   STATIC OVERLAYABLE
   CODE SIZE        =     52    ----
   CONSTANT SIZE    =   ----    ----
   XDATA SIZE       =   ----    ----
   PDATA SIZE       =   ----    ----
   DATA SIZE        =   ----       1
   IDATA SIZE       =   ----    ----
   BIT SIZE         =   ----    ----
END OF MODULE INFORMATION.


C51 COMPILATION COMPLETE.  0 WARNING(S),  0 ERROR(S)
