C51 COMPILER V9.60.0.0   MAIN                                                              04/12/2022 17:07:43 PAGE 1   


C51 COMPILER V9.60.0.0, COMPILATION OF MODULE MAIN
OBJECT MODULE PLACED IN .\Objects\main.obj
COMPILER INVOKED BY: E:\MDK5\C51\BIN\C51.EXE main.c OPTIMIZE(8,SPEED) BROWSE DEBUG OBJECTEXTEND PRINT(.\Listings\main.ls
                    -t) OBJECT(.\Objects\main.obj)

line level    source

   1          #include "reg52.h"
   2          
   3          typedef unsigned char u8;
   4          
   5          u8 Tcount,kongbi,fangxiang;             //定义pwm周期，占空比，方向参数
   6          
   7          sbit led = P2^1;
   8          
   9          void Timer0Init();
  10          void Timer0();
  11          void breatheled();
  12          /*******************************************************************************
  13          * 函 数 名         : main
  14          * 函数功能                 : 主函数
  15          * 输    入         : 无
  16          * 输    出         : 无
  17          *******************************************************************************/
  18          void main()
  19          {
  20   1              Timer0Init();   //定时器初始化
  21   1              while(1)
  22   1              {
  23   2                      breatheled();   //执行pwm呼吸灯
  24   2              }
  25   1      }
  26          /*******************************************************************************
  27          * 函 数 名         : Timer0Init
  28          * 函数功能                 : 定时器初始化
  29          * 输    入         : 无
  30          * 输    出         : 无
  31          *******************************************************************************/
  32          void Timer0Init(void)           //200微秒@11.0592MHz
  33          {
  34   1              TMOD &= 0xF0;           //设置定时器模式
  35   1              TMOD |= 0x02;           //设置定时器模式
  36   1              TL0 = 0x48;             //设置定时初值
  37   1              TH0 = 0x48;             //设置定时重载值
  38   1              TF0 = 0;                //清除TF0标志
  39   1              ET0 = 1;                //打开定时器0中断允许
  40   1              EA  = 1;                //打开总中断
  41   1              TR0 = 1;                //定时器0开始计时
  42   1      }
  43          
  44          void Timer0() interrupt 1
  45          {
  46   1              TL0 = 0x48;             //设置定时初值
  47   1              TH0 = 0x48;             //设置定时重载值
  48   1              
  49   1              Tcount++;
  50   1      }
  51          /*******************************************************************************
  52          * 函 数 名         : breatheled
  53          * 函数功能                 : pwm呼吸灯
  54          * 输    入         : 无
C51 COMPILER V9.60.0.0   MAIN                                                              04/12/2022 17:07:43 PAGE 2   

  55          * 输    出         : 无
  56          *******************************************************************************/
  57          void breatheled()
  58          {
  59   1              if(Tcount>=100)         //设置pwm周期
  60   1              {
  61   2                      Tcount=0;               //溢出时归零
  62   2                      if(fangxiang==1)                //当方向为1，灯灭，占空比减少
  63   2                      {
  64   3                              kongbi--;
  65   3                      }
  66   2                      else if(fangxiang==0)   //当方向为0，灯亮，占空比增加
  67   2                      {
  68   3                              kongbi++;
  69   3                      }
  70   2              }
  71   1              if(kongbi<=0)           //当占空比小于等于0，方向逆转
  72   1              {
  73   2                      fangxiang=0;
  74   2              }
  75   1              else if(fangxiang>=100)         //当占空比大于等于100，方向逆转
  76   1              {
  77   2                      fangxiang=1;
  78   2              }
  79   1              if(Tcount<kongbi)
  80   1              {
  81   2                      led=0;
  82   2              }
  83   1              else
  84   1              {
  85   2                      led=1;
  86   2              }
  87   1              
  88   1              
  89   1      }


MODULE INFORMATION:   STATIC OVERLAYABLE
   CODE SIZE        =    113    ----
   CONSTANT SIZE    =   ----    ----
   XDATA SIZE       =   ----    ----
   PDATA SIZE       =   ----    ----
   DATA SIZE        =      3    ----
   IDATA SIZE       =   ----    ----
   BIT SIZE         =   ----    ----
END OF MODULE INFORMATION.


C51 COMPILATION COMPLETE.  0 WARNING(S),  0 ERROR(S)
