C51 COMPILER V9.59.0.0   MAIN                                                              12/05/2021 15:32:13 PAGE 1   


C51 COMPILER V9.59.0.0, COMPILATION OF MODULE MAIN
OBJECT MODULE PLACED IN .\Objects\main.obj
COMPILER INVOKED BY: E:\SCM\keil 4\C51\BIN\C51.EXE main.c OPTIMIZE(8,SPEED) BROWSE DEBUG OBJECTEXTEND PRINT(.\Listings\m
                    -ain.lst) OBJECT(.\Objects\main.obj)

line level    source

   1          #include <STC89C5xRC.H>
   2          #include "intrins.h" 
   3          unsigned int shuju;
   4          void delay(unsigned int i)
   5          {
   6   1              while(i--);
   7   1      }
   8          void UartInit(void)             //4800bps@12.000MHz
   9          {
  10   1              PCON |= 0x80;           //使能波特率倍速位SMOD
  11   1              SCON = 0x50;            //8位数据,可变波特率
  12   1              TMOD &= 0x0F;           //清除定时器1模式位
  13   1              TMOD |= 0x20;           //设定定时器1为8位自动重装方式
  14   1              TL1 = 0xF3;             //设定定时初值
  15   1              TH1 = 0xF3;             //设定定时器重装值
  16   1              ET1 = 0;                //禁止定时器1中断
  17   1              TR1 = 1;                //启动定时器1
  18   1              EA=1;
  19   1              ES=1;
  20   1      }
  21          
  22          void UNRT_sendbyte(unsigned char byte)
  23          {
  24   1              SBUF=byte;
  25   1              while(TI==0);
  26   1              TI=0;
  27   1      }
  28          
  29          void UNRT_accept() interrupt 4
  30          {
  31   1              if(RI==1)
  32   1              {
  33   2                      shuju=SBUF;
  34   2                      RI=0;
  35   2              }
  36   1      }
  37          void main()
  38          {
  39   1              UartInit();
  40   1              while(1)
  41   1              {
  42   2                      delay(100000);
  43   2                      UNRT_sendbyte(shuju);
  44   2                      delay(100000);
  45   2              }
  46   1              
  47   1      }


MODULE INFORMATION:   STATIC OVERLAYABLE
   CODE SIZE        =     94    ----
   CONSTANT SIZE    =   ----    ----
   XDATA SIZE       =   ----    ----
   PDATA SIZE       =   ----    ----
C51 COMPILER V9.59.0.0   MAIN                                                              12/05/2021 15:32:13 PAGE 2   

   DATA SIZE        =      2    ----
   IDATA SIZE       =   ----    ----
   BIT SIZE         =   ----    ----
END OF MODULE INFORMATION.


C51 COMPILATION COMPLETE.  0 WARNING(S),  0 ERROR(S)
