C51 COMPILER V9.59.0.0   MAIN                                                              02/16/2022 13:30:09 PAGE 1   


C51 COMPILER V9.59.0.0, COMPILATION OF MODULE MAIN
OBJECT MODULE PLACED IN .\Objects\main.obj
COMPILER INVOKED BY: E:\SCM\keil 4\C51\BIN\C51.EXE main.c OPTIMIZE(8,SPEED) BROWSE DEBUG OBJECTEXTEND PRINT(.\Listings\m
                    -ain.lst) OBJECT(.\Objects\main.obj)

line level    source

   1          #include"iic.h"
   2          
   3          int main()
   4          {
   5   1              oled_init();//OLED初始化
   6   1      
   7   1      //  delay_ms(3000);
   8   1      //      oled_showstring(12,2,"Hello World!",32);//显示字符串
   9   1      //      oled_showstring(10,4,"perseverance",32);
  10   1      //      oled_shownum(48,6,9527,4,16);//显示数字
  11   1      //      oled_wr_byte(0x2e,0);//关滚动
  12   1      //      oled_wr_byte(0x29,0);//方向，29右，2a左
  13   1      //      oled_wr_byte(0x00,0);//空字节
  14   1      //  oled_wr_byte(0x04,0);//水平起始页
  15   1      //      oled_wr_byte(0xcf,0);//水平滚动速度
  16   1      //      oled_wr_byte(0x01,0);//水平结束页
  17   1      //      oled_wr_byte(0x00,0);//每次垂直滚动位移
  18   1      //      oled_wr_byte(0x2f,0);//开滚动
  19   1      //      delay_ms(3000);
  20   1      //      oled_clear();
  21   1              oled_wr_byte(0x2e,0);//关滚动
  22   1              oled_wr_byte(0x2a,0);//方向，29右滚动，2a左滚动
  23   1              oled_wr_byte(0x00,0);//空字节
  24   1          oled_wr_byte(0x00,0);//水平起始页
  25   1              oled_wr_byte(0x00,0);//水平滚动速度
  26   1              oled_wr_byte(0x07,0);//水平结束页
  27   1              oled_wr_byte(0x00,0);//每次垂直滚动位移
  28   1              oled_wr_byte(0xff,0);//虚拟字节
  29   1              oled_showchinese(0,0,0);//显示汉字
  30   1              oled_showchinese(16,0,1);
  31   1              oled_showchinese(32,0,2);
  32   1              oled_showchinese(48,0,3);
  33   1              oled_showchinese(64,0,4);
  34   1              oled_showstring(0,3,"Hello World!",32);//显示字符串
  35   1              oled_showstring(0,4,"perseverance",32);
  36   1              oled_showstring(0,6,"9527",16);
  37   1              delay_ms(5);
  38   1              oled_wr_byte(0x2f,0);//开滚动
  39   1      
  40   1      
  41   1        while (1){    ;
  42   2              }
  43   1      }


MODULE INFORMATION:   STATIC OVERLAYABLE
   CODE SIZE        =   1742    ----
   CONSTANT SIZE    =   2423    ----
   XDATA SIZE       =   ----    ----
   PDATA SIZE       =   ----    ----
   DATA SIZE        =   ----      42
   IDATA SIZE       =   ----    ----
   BIT SIZE         =   ----       7
END OF MODULE INFORMATION.

C51 COMPILER V9.59.0.0   MAIN                                                              02/16/2022 13:30:09 PAGE 2   


C51 COMPILATION COMPLETE.  0 WARNING(S),  0 ERROR(S)
